[0.012s] Invoking command in '/mpc/new/Elastic-Tracker/build/decomp_ros_utils': CMAKE_PREFIX_PATH=/mpc/new/Elastic-Tracker/install/decomp_ros_msgs:/mpc/new/Elastic-Tracker/install/target_ekf:/mpc/new/Elastic-Tracker/install/mapping:/mpc/new/Elastic-Tracker/install/quadrotor_msgs:/mpc/new/Elastic-Tracker/install/object_detection_msgs:/mpc/new/Elastic-Tracker/install/decomp_geometry:/mpc/new/Elastic-Tracker/install/decomp_basis:/opt/ros/humble LD_LIBRARY_PATH=/mpc/new/Elastic-Tracker/install/decomp_ros_msgs/lib:/mpc/new/Elastic-Tracker/install/mapping/lib:/mpc/new/Elastic-Tracker/install/quadrotor_msgs/lib:/mpc/new/Elastic-Tracker/install/object_detection_msgs/lib:/opt/ros/humble/opt/rviz_ogre_vendor/lib:/opt/ros/humble/lib/x86_64-linux-gnu:/opt/ros/humble/lib:/usr/lib:/new/px4-offboard_ws/src/acados/lib:/mpc/new/acados/lib /usr/bin/cmake /mpc/new/Elastic-Tracker/src/planning/DecompROS/decomp_ros_utils -DCMAKE_INSTALL_PREFIX=/mpc/new/Elastic-Tracker/install/decomp_ros_utils
[0.056s] -- The C compiler identification is GNU 11.4.0
[0.100s] -- The CXX compiler identification is GNU 11.4.0
[0.105s] -- Detecting C compiler ABI info
[0.163s] -- Detecting C compiler ABI info - done
[0.175s] -- Check for working C compiler: /usr/bin/cc - skipped
[0.175s] -- Detecting C compile features
[0.176s] -- Detecting C compile features - done
[0.180s] -- Detecting CXX compiler ABI info
[0.249s] -- Detecting CXX compiler ABI info - done
[0.260s] -- Check for working CXX compiler: /usr/bin/c++ - skipped
[0.261s] -- Detecting CXX compile features
[0.261s] -- Detecting CXX compile features - done
[0.266s] -- Found ament_cmake: 1.3.11 (/opt/ros/humble/share/ament_cmake/cmake)
[0.433s] -- Found Python3: /usr/bin/python3 (found version "3.10.12") found components: Interpreter 
[0.534s] -- Found rclcpp: 16.0.11 (/opt/ros/humble/share/rclcpp/cmake)
[0.586s] -- Found rosidl_generator_c: 3.1.6 (/opt/ros/humble/share/rosidl_generator_c/cmake)
[0.593s] -- Found rosidl_adapter: 3.1.6 (/opt/ros/humble/share/rosidl_adapter/cmake)
[0.603s] -- Found rosidl_generator_cpp: 3.1.6 (/opt/ros/humble/share/rosidl_generator_cpp/cmake)
[0.618s] -- Using all available rosidl_typesupport_c: rosidl_typesupport_fastrtps_c;rosidl_typesupport_introspection_c
[0.637s] -- Using all available rosidl_typesupport_cpp: rosidl_typesupport_fastrtps_cpp;rosidl_typesupport_introspection_cpp
[0.690s] -- Found rmw_implementation_cmake: 6.1.2 (/opt/ros/humble/share/rmw_implementation_cmake/cmake)
[0.694s] -- Found rmw_cyclonedds_cpp: 1.3.4 (/opt/ros/humble/share/rmw_cyclonedds_cpp/cmake)
[0.719s] -- Using RMW implementation 'rmw_cyclonedds_cpp' as default
[0.732s] -- Looking for pthread.h
[0.792s] -- Looking for pthread.h - found
[0.793s] -- Performing Test CMAKE_HAVE_LIBC_PTHREAD
[0.857s] -- Performing Test CMAKE_HAVE_LIBC_PTHREAD - Success
[0.858s] -- Found Threads: TRUE  
[0.922s] -- Found pluginlib: 5.1.0 (/opt/ros/humble/share/pluginlib/cmake)
[0.958s] -- Found rviz_common: 11.2.14 (/opt/ros/humble/share/rviz_common/cmake)
[0.979s] -- Setting assimp_DIR to: '/opt/ros/humble/share/rviz_assimp_vendor/cmake/../../../opt/rviz_assimp_vendor/lib/cmake/assimp-4.1'
[0.990s] -- Setting OGRE_DIR to: '/opt/ros/humble/share/rviz_ogre_vendor/cmake/../../../opt/rviz_ogre_vendor/lib/OGRE/cmake'
[0.992s] -- Found OGRE
[0.992s] --   static     : OFF
[0.992s] --   components : HLMS;MeshLodGenerator;Overlay;Paging;Property;RTShaderSystem;Terrain;Volume
[0.992s] --   plugins    : Plugin_BSPSceneManager;Plugin_OctreeSceneManager;Plugin_PCZSceneManager;Plugin_ParticleFX;RenderSystem_GL;RenderSystem_GL3Plus;Codec_STBI
[0.992s] --   media      : /opt/ros/humble/opt/rviz_ogre_vendor/share/OGRE/Media
[0.992s] -- OGRE_LIBRARIES: OgreHLMS;OgreMeshLodGenerator;OgreOverlay;OgrePaging;OgreProperty;OgreRTShaderSystem;OgreTerrain;OgreVolume;OgreMain
[0.992s] -- OGRE_LIBRARY_DIRS: /opt/ros/humble/opt/rviz_ogre_vendor/lib
[0.992s] -- OGRE_PLUGINS: Plugin_BSPSceneManager;Plugin_OctreeSceneManager;Plugin_PCZSceneManager;Plugin_ParticleFX;RenderSystem_GL;RenderSystem_GL3Plus;Codec_STBI
[0.992s] -- OGRE_PLUGIN_DIR: /opt/ros/humble/opt/rviz_ogre_vendor/lib/OGRE
[0.992s] -- rviz_ogre_vendor::OgreOverlay for IMPORTED_LOCATION_RELEASE: /opt/ros/humble/opt/rviz_ogre_vendor/lib/libOgreOverlay.so
[0.992s] -- rviz_ogre_vendor::OgreOverlay for IMPORTED_LOCATION_DEBUG: /opt/ros/humble/opt/rviz_ogre_vendor/lib/libOgreOverlay.so
[0.992s] -- rviz_ogre_vendor::OgreMain for IMPORTED_LOCATION_RELEASE: /opt/ros/humble/opt/rviz_ogre_vendor/lib/libOgreMain.so
[0.992s] -- rviz_ogre_vendor::OgreMain for IMPORTED_LOCATION_DEBUG: /opt/ros/humble/opt/rviz_ogre_vendor/lib/libOgreMain.so
[1.013s] -- Found ZLIB: /usr/lib/x86_64-linux-gnu/libz.so (found version "1.2.11") 
[1.016s] -- Found OpenGL: /usr/lib/x86_64-linux-gnu/libOpenGL.so   
[1.079s] -- Found X11: /usr/include   
[1.079s] -- Looking for XOpenDisplay in /usr/lib/x86_64-linux-gnu/libX11.so;/usr/lib/x86_64-linux-gnu/libXext.so
[1.134s] -- Looking for XOpenDisplay in /usr/lib/x86_64-linux-gnu/libX11.so;/usr/lib/x86_64-linux-gnu/libXext.so - found
[1.134s] -- Looking for gethostbyname
[1.192s] -- Looking for gethostbyname - found
[1.192s] -- Looking for connect
[1.252s] -- Looking for connect - found
[1.253s] -- Looking for remove
[1.312s] -- Looking for remove - found
[1.312s] -- Looking for shmat
[1.372s] -- Looking for shmat - found
[1.372s] -- Looking for IceConnectionNumber in ICE
[1.435s] -- Looking for IceConnectionNumber in ICE - found
[1.513s] -- library: /usr/lib/x86_64-linux-gnu/libcurl.so
[1.573s] -- Found Eigen3: TRUE (found version "3.4.0") 
[1.574s] -- Ensuring Eigen3 include directory is part of orocos-kdl CMake target
[1.699s] -- Found decomp_ros_msgs: 0.0.0 (/mpc/new/Elastic-Tracker/install/decomp_ros_msgs/share/decomp_ros_msgs/cmake)
[1.716s] -- Found decomp_basis: 0.0.0 (/mpc/new/Elastic-Tracker/install/decomp_basis/share/decomp_basis/cmake)
[1.718s] -- Found decomp_geometry: 0.0.0 (/mpc/new/Elastic-Tracker/install/decomp_geometry/share/decomp_geometry/cmake)
[1.802s] -- Configuring done
[1.821s] -- Generating done
[1.826s] -- Build files have been written to: /mpc/new/Elastic-Tracker/build/decomp_ros_utils
[1.836s] Invoked command in '/mpc/new/Elastic-Tracker/build/decomp_ros_utils' returned '0': CMAKE_PREFIX_PATH=/mpc/new/Elastic-Tracker/install/decomp_ros_msgs:/mpc/new/Elastic-Tracker/install/target_ekf:/mpc/new/Elastic-Tracker/install/mapping:/mpc/new/Elastic-Tracker/install/quadrotor_msgs:/mpc/new/Elastic-Tracker/install/object_detection_msgs:/mpc/new/Elastic-Tracker/install/decomp_geometry:/mpc/new/Elastic-Tracker/install/decomp_basis:/opt/ros/humble LD_LIBRARY_PATH=/mpc/new/Elastic-Tracker/install/decomp_ros_msgs/lib:/mpc/new/Elastic-Tracker/install/mapping/lib:/mpc/new/Elastic-Tracker/install/quadrotor_msgs/lib:/mpc/new/Elastic-Tracker/install/object_detection_msgs/lib:/opt/ros/humble/opt/rviz_ogre_vendor/lib:/opt/ros/humble/lib/x86_64-linux-gnu:/opt/ros/humble/lib:/usr/lib:/new/px4-offboard_ws/src/acados/lib:/mpc/new/acados/lib /usr/bin/cmake /mpc/new/Elastic-Tracker/src/planning/DecompROS/decomp_ros_utils -DCMAKE_INSTALL_PREFIX=/mpc/new/Elastic-Tracker/install/decomp_ros_utils
[1.838s] Invoking command in '/mpc/new/Elastic-Tracker/build/decomp_ros_utils': CMAKE_PREFIX_PATH=/mpc/new/Elastic-Tracker/install/decomp_ros_msgs:/mpc/new/Elastic-Tracker/install/target_ekf:/mpc/new/Elastic-Tracker/install/mapping:/mpc/new/Elastic-Tracker/install/quadrotor_msgs:/mpc/new/Elastic-Tracker/install/object_detection_msgs:/mpc/new/Elastic-Tracker/install/decomp_geometry:/mpc/new/Elastic-Tracker/install/decomp_basis:/opt/ros/humble LD_LIBRARY_PATH=/mpc/new/Elastic-Tracker/install/decomp_ros_msgs/lib:/mpc/new/Elastic-Tracker/install/mapping/lib:/mpc/new/Elastic-Tracker/install/quadrotor_msgs/lib:/mpc/new/Elastic-Tracker/install/object_detection_msgs/lib:/opt/ros/humble/opt/rviz_ogre_vendor/lib:/opt/ros/humble/lib/x86_64-linux-gnu:/opt/ros/humble/lib:/usr/lib:/new/px4-offboard_ws/src/acados/lib:/mpc/new/acados/lib /usr/bin/cmake --build /mpc/new/Elastic-Tracker/build/decomp_ros_utils -- -j12 -l12
[1.899s] [ 28%] [32mBuilding CXX object CMakeFiles/decomp_rviz_plugins.dir/src/vector_visual.cpp.o[0m
[1.900s] [ 28%] [32mBuilding CXX object CMakeFiles/decomp_rviz_plugins.dir/src/bound_visual.cpp.o[0m
[1.901s] [ 42%] [32mBuilding CXX object CMakeFiles/decomp_rviz_plugins.dir/src/mesh_visual.cpp.o[0m
[1.901s] [ 57%] [32mBuilding CXX object CMakeFiles/decomp_rviz_plugins.dir/src/ellipsoid_array_visual.cpp.o[0m
[1.912s] [ 71%] [32mBuilding CXX object CMakeFiles/decomp_rviz_plugins.dir/src/ellipsoid_array_display.cpp.o[0m
[1.926s] [ 85%] [32mBuilding CXX object CMakeFiles/decomp_rviz_plugins.dir/src/polyhedron_array_display.cpp.o[0m
[2.483s] [01m[K/mpc/new/Elastic-Tracker/src/planning/DecompROS/decomp_ros_utils/src/ellipsoid_array_display.cpp:10:10:[m[K [01;31m[Kfatal error: [m[Krviz_common/frame_manager.hpp: No such file or directory
[2.484s]    10 | #include [01;31m[K<rviz_common/frame_manager.hpp>[m[K
[2.484s]       |          [01;31m[K^~~~~~~~~~~~~~~~~~~~~~~~~~~~~~~[m[K
[2.484s] compilation terminated.
[2.496s] gmake[2]: *** [CMakeFiles/decomp_rviz_plugins.dir/build.make:132: CMakeFiles/decomp_rviz_plugins.dir/src/ellipsoid_array_display.cpp.o] Error 1
[2.496s] gmake[2]: *** Waiting for unfinished jobs....
[2.549s] [01m[K/mpc/new/Elastic-Tracker/src/planning/DecompROS/decomp_ros_utils/src/polyhedron_array_display.cpp:5:10:[m[K [01;31m[Kfatal error: [m[Krviz_common/frame_manager.hpp: No such file or directory
[2.549s]     5 | #include [01;31m[K<rviz_common/frame_manager.hpp>[m[K
[2.549s]       |          [01;31m[K^~~~~~~~~~~~~~~~~~~~~~~~~~~~~~~[m[K
[2.549s] compilation terminated.
[2.553s] gmake[2]: *** [CMakeFiles/decomp_rviz_plugins.dir/build.make:146: CMakeFiles/decomp_rviz_plugins.dir/src/polyhedron_array_display.cpp.o] Error 1
[3.925s] [01m[K/mpc/new/Elastic-Tracker/src/planning/DecompROS/decomp_ros_utils/src/mesh_visual.cpp:[m[K In member function â€˜[01m[Kvoid decomp_rviz_plugins::MeshVisual::setMessage(vec_E<std::vector<Eigen::Matrix<double, 3, 1>, Eigen::aligned_allocator<Eigen::Matrix<double, 3, 1> > > >&)[m[Kâ€™:
[3.925s] [01m[K/mpc/new/Elastic-Tracker/src/planning/DecompROS/decomp_ros_utils/src/mesh_visual.cpp:45:33:[m[K [01;31m[Kerror: [m[Kno matching function for call to â€˜[01m[KOgre::Vector<3, float>::Vector(const std::vector<Eigen::Matrix<double, 3, 1>, Eigen::aligned_allocator<Eigen::Matrix<double, 3, 1> > >&, const std::vector<Eigen::Matrix<double, 3, 1>, Eigen::aligned_allocator<Eigen::Matrix<double, 3, 1> > >&, const std::vector<Eigen::Matrix<double, 3, 1>, Eigen::aligned_allocator<Eigen::Matrix<double, 3, 1> > >&)[m[Kâ€™
[3.925s]    45 |       Ogre::Vector3 v(vs, vs, vs[01;31m[K)[m[K;
[3.925s]       |                                 [01;31m[K^[m[K
[3.925s] In file included from [01m[K/opt/ros/humble/opt/rviz_ogre_vendor/include/OGRE/OgreVector3.h:1[m[K,
[3.926s]                  from [01m[K/opt/ros/humble/opt/rviz_ogre_vendor/include/OGRE/OgrePlane.h:46[m[K,
[3.926s]                  from [01m[K/opt/ros/humble/opt/rviz_ogre_vendor/include/OGRE/OgreSceneManager.h:41[m[K,
[3.926s]                  from [01m[K/mpc/new/Elastic-Tracker/src/planning/DecompROS/decomp_ros_utils/include/decomp_rviz_plugins/mesh_visual.hpp:7[m[K,
[3.926s]                  from [01m[K/mpc/new/Elastic-Tracker/src/planning/DecompROS/decomp_ros_utils/src/mesh_visual.cpp:1[m[K:
[3.926s] [01m[K/opt/ros/humble/opt/rviz_ogre_vendor/include/OGRE/OgreVector.h:333:18:[m[K [01;36m[Knote: [m[Kcandidate: â€˜[01m[Ktemplate<class U> Ogre::Vector<dims, T>::Vector(const Ogre::Vector<dims, U>&) [with U = U; int dims = 3; T = float][m[Kâ€™
[3.926s]   333 |         explicit [01;36m[KVector[m[K(const Vector<dims, U>& o) : Vector(o.ptr()) {}
[3.926s]       |                  [01;36m[K^~~~~~[m[K
[3.926s] [01m[K/opt/ros/humble/opt/rviz_ogre_vendor/include/OGRE/OgreVector.h:333:18:[m[K [01;36m[Knote: [m[K  template argument deduction/substitution failed:
[3.927s] [01m[K/mpc/new/Elastic-Tracker/src/planning/DecompROS/decomp_ros_utils/src/mesh_visual.cpp:45:33:[m[K [01;36m[Knote: [m[K  â€˜[01m[Kconst std::vector<Eigen::Matrix<double, 3, 1>, Eigen::aligned_allocator<Eigen::Matrix<double, 3, 1> > >[m[Kâ€™ is not derived from â€˜[01m[Kconst Ogre::Vector<3, U>[m[Kâ€™
[3.927s]    45 |       Ogre::Vector3 v(vs, vs, vs[01;36m[K)[m[K;
[3.927s]       |                                 [01;36m[K^[m[K
[3.927s] In file included from [01m[K/opt/ros/humble/opt/rviz_ogre_vendor/include/OGRE/OgreVector3.h:1[m[K,
[3.927s]                  from [01m[K/opt/ros/humble/opt/rviz_ogre_vendor/include/OGRE/OgrePlane.h:46[m[K,
[3.927s]                  from [01m[K/opt/ros/humble/opt/rviz_ogre_vendor/include/OGRE/OgreSceneManager.h:41[m[K,
[3.927s]                  from [01m[K/mpc/new/Elastic-Tracker/src/planning/DecompROS/decomp_ros_utils/include/decomp_rviz_plugins/mesh_visual.hpp:7[m[K,
[3.927s]                  from [01m[K/mpc/new/Elastic-Tracker/src/planning/DecompROS/decomp_ros_utils/src/mesh_visual.cpp:1[m[K:
[3.927s] [01m[K/opt/ros/humble/opt/rviz_ogre_vendor/include/OGRE/OgreVector.h:327:18:[m[K [01;36m[Knote: [m[Kcandidate: â€˜[01m[Ktemplate<class U> Ogre::Vector<dims, T>::Vector(const U*) [with U = U; int dims = 3; T = float][m[Kâ€™
[3.928s]   327 |         explicit [01;36m[KVector[m[K(const U* _ptr) {
[3.928s]       |                  [01;36m[K^~~~~~[m[K
[3.928s] [01m[K/opt/ros/humble/opt/rviz_ogre_vendor/include/OGRE/OgreVector.h:327:18:[m[K [01;36m[Knote: [m[K  template argument deduction/substitution failed:
[3.928s] [01m[K/mpc/new/Elastic-Tracker/src/planning/DecompROS/decomp_ros_utils/src/mesh_visual.cpp:45:33:[m[K [01;36m[Knote: [m[K  mismatched types â€˜[01m[Kconst U*[m[Kâ€™ and â€˜[01m[Kstd::vector<Eigen::Matrix<double, 3, 1>, Eigen::aligned_allocator<Eigen::Matrix<double, 3, 1> > >[m[Kâ€™
[3.928s]    45 |       Ogre::Vector3 v(vs, vs, vs[01;36m[K)[m[K;
[3.928s]       |                                 [01;36m[K^[m[K
[3.928s] In file included from [01m[K/opt/ros/humble/opt/rviz_ogre_vendor/include/OGRE/OgreVector3.h:1[m[K,
[3.928s]                  from [01m[K/opt/ros/humble/opt/rviz_ogre_vendor/include/OGRE/OgrePlane.h:46[m[K,
[3.928s]                  from [01m[K/opt/ros/humble/opt/rviz_ogre_vendor/include/OGRE/OgreSceneManager.h:41[m[K,
[3.929s]                  from [01m[K/mpc/new/Elastic-Tracker/src/planning/DecompROS/decomp_ros_utils/include/decomp_rviz_plugins/mesh_visual.hpp:7[m[K,
[3.929s]                  from [01m[K/mpc/new/Elastic-Tracker/src/planning/DecompROS/decomp_ros_utils/src/mesh_visual.cpp:1[m[K:
[3.929s] [01m[K/opt/ros/humble/opt/rviz_ogre_vendor/include/OGRE/OgreVector.h:324:18:[m[K [01;36m[Knote: [m[Kcandidate: â€˜[01m[Ktemplate<int N> Ogre::Vector<dims, T>::Vector(const typename std::enable_if<(N == 4), Ogre::Vector<3, float> >::type&, T) [with int N = N; int dims = 3; T = float][m[Kâ€™
[3.929s]   324 |         explicit [01;36m[KVector[m[K(const typename std::enable_if<N == 4, Vector3>::type& rhs, T fW = 1.0f) : VectorBase<dims, T>(rhs.x, rhs.y, rhs.z, fW) {}
[3.929s]       |                  [01;36m[K^~~~~~[m[K
[3.929s] [01m[K/opt/ros/humble/opt/rviz_ogre_vendor/include/OGRE/OgreVector.h:324:18:[m[K [01;36m[Knote: [m[K  template argument deduction/substitution failed:
[3.929s] [01m[K/mpc/new/Elastic-Tracker/src/planning/DecompROS/decomp_ros_utils/src/mesh_visual.cpp:45:33:[m[K [01;36m[Knote: [m[K  candidate expects 2 arguments, 3 provided
[3.929s]    45 |       Ogre::Vector3 v(vs, vs, vs[01;36m[K)[m[K;
[3.929s]       |                                 [01;36m[K^[m[K
[3.930s] In file included from [01m[K/opt/ros/humble/opt/rviz_ogre_vendor/include/OGRE/OgreVector3.h:1[m[K,
[3.930s]                  from [01m[K/opt/ros/humble/opt/rviz_ogre_vendor/include/OGRE/OgrePlane.h:46[m[K,
[3.930s]                  from [01m[K/opt/ros/humble/opt/rviz_ogre_vendor/include/OGRE/OgreSceneManager.h:41[m[K,
[3.930s]                  from [01m[K/mpc/new/Elastic-Tracker/src/planning/DecompROS/decomp_ros_utils/include/decomp_rviz_plugins/mesh_visual.hpp:7[m[K,
[3.930s]                  from [01m[K/mpc/new/Elastic-Tracker/src/planning/DecompROS/decomp_ros_utils/src/mesh_visual.cpp:1[m[K:
[3.930s] [01m[K/opt/ros/humble/opt/rviz_ogre_vendor/include/OGRE/OgreVector.h:336:18:[m[K [01;36m[Knote: [m[Kcandidate: â€˜[01m[KOgre::Vector<dims, T>::Vector(T) [with int dims = 3; T = float][m[Kâ€™
[3.930s]   336 |         explicit [01;36m[KVector[m[K(T s)
[3.930s]       |                  [01;36m[K^~~~~~[m[K
[3.931s] [01m[K/opt/ros/humble/opt/rviz_ogre_vendor/include/OGRE/OgreVector.h:336:18:[m[K [01;36m[Knote: [m[K  candidate expects 1 argument, 3 provided
[3.931s] In file included from [01m[K/opt/ros/humble/opt/rviz_ogre_vendor/include/OGRE/OgreVector3.h:1[m[K,
[3.931s]                  from [01m[K/opt/ros/humble/opt/rviz_ogre_vendor/include/OGRE/OgrePlane.h:46[m[K,
[3.931s]                  from [01m[K/opt/ros/humble/opt/rviz_ogre_vendor/include/OGRE/OgreSceneManager.h:41[m[K,
[3.931s]                  from [01m[K/mpc/new/Elastic-Tracker/src/planning/DecompROS/decomp_ros_utils/include/decomp_rviz_plugins/mesh_visual.hpp:7[m[K,
[3.931s]                  from [01m[K/mpc/new/Elastic-Tracker/src/planning/DecompROS/decomp_ros_utils/src/mesh_visual.cpp:1[m[K:
[3.931s] [01m[K/opt/ros/humble/opt/rviz_ogre_vendor/include/OGRE/OgreVector.h:320:9:[m[K [01;36m[Knote: [m[Kcandidate: â€˜[01m[KOgre::Vector<dims, T>::Vector(T, T, T, T) [with int dims = 3; T = float][m[Kâ€™
[3.931s]   320 |         [01;36m[KVector[m[K(T _x, T _y, T _z, T _w) : VectorBase<dims, T>(_x, _y, _z, _w) {}
[3.931s]       |         [01;36m[K^~~~~~[m[K
[3.932s] [01m[K/opt/ros/humble/opt/rviz_ogre_vendor/include/OGRE/OgreVector.h:320:9:[m[K [01;36m[Knote: [m[K  candidate expects 4 arguments, 3 provided
[3.932s] [01m[K/opt/ros/humble/opt/rviz_ogre_vendor/include/OGRE/OgreVector.h:319:9:[m[K [01;36m[Knote: [m[Kcandidate: â€˜[01m[KOgre::Vector<dims, T>::Vector(T, T, T) [with int dims = 3; T = float][m[Kâ€™
[3.932s]   319 |         [01;36m[KVector[m[K(T _x, T _y, T _z) : VectorBase<dims, T>(_x, _y, _z) {}
[3.932s]       |         [01;36m[K^~~~~~[m[K
[3.932s] [01m[K/opt/ros/humble/opt/rviz_ogre_vendor/include/OGRE/OgreVector.h:319:18:[m[K [01;36m[Knote: [m[K  no known conversion for argument 1 from â€˜[01m[Kconst std::vector<Eigen::Matrix<double, 3, 1>, Eigen::aligned_allocator<Eigen::Matrix<double, 3, 1> > >[m[Kâ€™ to â€˜[01m[Kfloat[m[Kâ€™
[3.932s]   319 |         Vector([01;36m[KT _x[m[K, T _y, T _z) : VectorBase<dims, T>(_x, _y, _z) {}
[3.932s]       |                [01;36m[K~~^~[m[K
[3.932s] [01m[K/opt/ros/humble/opt/rviz_ogre_vendor/include/OGRE/OgreVector.h:318:9:[m[K [01;36m[Knote: [m[Kcandidate: â€˜[01m[KOgre::Vector<dims, T>::Vector(T, T) [with int dims = 3; T = float][m[Kâ€™
[3.932s]   318 |         [01;36m[KVector[m[K(T _x, T _y) : VectorBase<dims, T>(_x, _y) {}
[3.933s]       |         [01;36m[K^~~~~~[m[K
[3.933s] [01m[K/opt/ros/humble/opt/rviz_ogre_vendor/include/OGRE/OgreVector.h:318:9:[m[K [01;36m[Knote: [m[K  candidate expects 2 arguments, 3 provided
[3.933s] [01m[K/opt/ros/humble/opt/rviz_ogre_vendor/include/OGRE/OgreVector.h:317:9:[m[K [01;36m[Knote: [m[Kcandidate: â€˜[01m[KOgre::Vector<dims, T>::Vector() [with int dims = 3; T = float][m[Kâ€™
[3.933s]   317 |         [01;36m[KVector[m[K() {}
[3.933s]       |         [01;36m[K^~~~~~[m[K
[3.933s] [01m[K/opt/ros/humble/opt/rviz_ogre_vendor/include/OGRE/OgreVector.h:317:9:[m[K [01;36m[Knote: [m[K  candidate expects 0 arguments, 3 provided
[3.933s] [01m[K/opt/ros/humble/opt/rviz_ogre_vendor/include/OGRE/OgreVector.h:309:23:[m[K [01;36m[Knote: [m[Kcandidate: â€˜[01m[Kconstexpr Ogre::Vector<3, float>::Vector(const Ogre::Vector<3, float>&)[m[Kâ€™
[3.933s]   309 |     class _OgreExport [01;36m[KVector[m[K : public VectorBase<dims, T>
[3.933s]       |                       [01;36m[K^~~~~~[m[K
[3.934s] [01m[K/opt/ros/humble/opt/rviz_ogre_vendor/include/OGRE/OgreVector.h:309:23:[m[K [01;36m[Knote: [m[K  candidate expects 1 argument, 3 provided
[3.934s] [01m[K/opt/ros/humble/opt/rviz_ogre_vendor/include/OGRE/OgreVector.h:309:23:[m[K [01;36m[Knote: [m[Kcandidate: â€˜[01m[Kconstexpr Ogre::Vector<3, float>::Vector(Ogre::Vector<3, float>&&)[m[Kâ€™
[3.934s] [01m[K/opt/ros/humble/opt/rviz_ogre_vendor/include/OGRE/OgreVector.h:309:23:[m[K [01;36m[Knote: [m[K  candidate expects 1 argument, 3 provided
[4.279s] gmake[2]: *** [CMakeFiles/decomp_rviz_plugins.dir/build.make:90: CMakeFiles/decomp_rviz_plugins.dir/src/mesh_visual.cpp.o] Error 1
[4.954s] gmake[1]: *** [CMakeFiles/Makefile2:137: CMakeFiles/decomp_rviz_plugins.dir/all] Error 2
[4.954s] gmake: *** [Makefile:146: all] Error 2
[4.956s] Invoked command in '/mpc/new/Elastic-Tracker/build/decomp_ros_utils' returned '2': CMAKE_PREFIX_PATH=/mpc/new/Elastic-Tracker/install/decomp_ros_msgs:/mpc/new/Elastic-Tracker/install/target_ekf:/mpc/new/Elastic-Tracker/install/mapping:/mpc/new/Elastic-Tracker/install/quadrotor_msgs:/mpc/new/Elastic-Tracker/install/object_detection_msgs:/mpc/new/Elastic-Tracker/install/decomp_geometry:/mpc/new/Elastic-Tracker/install/decomp_basis:/opt/ros/humble LD_LIBRARY_PATH=/mpc/new/Elastic-Tracker/install/decomp_ros_msgs/lib:/mpc/new/Elastic-Tracker/install/mapping/lib:/mpc/new/Elastic-Tracker/install/quadrotor_msgs/lib:/mpc/new/Elastic-Tracker/install/object_detection_msgs/lib:/opt/ros/humble/opt/rviz_ogre_vendor/lib:/opt/ros/humble/lib/x86_64-linux-gnu:/opt/ros/humble/lib:/usr/lib:/new/px4-offboard_ws/src/acados/lib:/mpc/new/acados/lib /usr/bin/cmake --build /mpc/new/Elastic-Tracker/build/decomp_ros_utils -- -j12 -l12
