[0.017s] Invoking command in '/mpc/new/Elastic-Tracker/src/detection/build/target_ekf': CMAKE_PREFIX_PATH=/mpc/new/Elastic-Tracker/src/detection/install/object_detection_msgs:/mpc/new/Elastic-Tracker/src/detection/install/target_ekf:/mpc/new/Elastic-Tracker/install/target_ekf:/mpc/new/Elastic-Tracker/install/mapping:/mpc/new/Elastic-Tracker/install/quadrotor_msgs:/mpc/new/Elastic-Tracker/install/object_detection_msgs:/mpc/new/Elastic-Tracker/install/decomp_ros_msgs:/mpc/new/Elastic-Tracker/install/decomp_geometry:/mpc/new/Elastic-Tracker/install/decomp_basis:/opt/ros/humble /usr/bin/cmake --build /mpc/new/Elastic-Tracker/src/detection/build/target_ekf -- -j12 -l12
[0.087s] [35m[1mConsolidate compiler generated dependencies of target target_ekf_sim_node[0m
[0.120s] [ 50%] Built target target_ekf_node
[0.122s] [ 75%] [32mBuilding CXX object CMakeFiles/target_ekf_sim_node.dir/src/target_ekf_sim_node.cpp.o[0m
[4.692s] [01m[K/mpc/new/Elastic-Tracker/src/detection/target_ekf/src/target_ekf_sim_node.cpp:[m[K In member function â€˜[01m[Kvoid TargetEkfSimNode::update_state_callback(nav_msgs::msg::Odometry_<std::allocator<void> >::ConstSharedPtr, nav_msgs::msg::Odometry_<std::allocator<void> >::ConstSharedPtr)[m[Kâ€™:
[4.692s] [01m[K/mpc/new/Elastic-Tracker/src/detection/target_ekf/src/target_ekf_sim_node.cpp:192:22:[m[K [01;31m[Kerror: [m[Kâ€˜[01m[Kp[m[Kâ€™ was not declared in this scope
[4.692s]   192 |       ekfPtr_->reset([01;31m[Kp[m[K, rpy);
[4.692s]       |                      [01;31m[K^[m[K
[4.698s] [01m[K/mpc/new/Elastic-Tracker/src/detection/target_ekf/src/target_ekf_sim_node.cpp:194:32:[m[K [01;31m[Kerror: [m[Kâ€˜[01m[Kp[m[Kâ€™ was not declared in this scope
[4.698s]   194 |     } else if (ekfPtr_->update([01;31m[Kp[m[K, rpy)) {
[4.698s]       |                                [01;31m[K^[m[K
[13.654s] gmake[2]: *** [CMakeFiles/target_ekf_sim_node.dir/build.make:76: CMakeFiles/target_ekf_sim_node.dir/src/target_ekf_sim_node.cpp.o] Error 1
[13.654s] gmake[1]: *** [CMakeFiles/Makefile2:165: CMakeFiles/target_ekf_sim_node.dir/all] Error 2
[13.654s] gmake: *** [Makefile:146: all] Error 2
[13.656s] Invoked command in '/mpc/new/Elastic-Tracker/src/detection/build/target_ekf' returned '2': CMAKE_PREFIX_PATH=/mpc/new/Elastic-Tracker/src/detection/install/object_detection_msgs:/mpc/new/Elastic-Tracker/src/detection/install/target_ekf:/mpc/new/Elastic-Tracker/install/target_ekf:/mpc/new/Elastic-Tracker/install/mapping:/mpc/new/Elastic-Tracker/install/quadrotor_msgs:/mpc/new/Elastic-Tracker/install/object_detection_msgs:/mpc/new/Elastic-Tracker/install/decomp_ros_msgs:/mpc/new/Elastic-Tracker/install/decomp_geometry:/mpc/new/Elastic-Tracker/install/decomp_basis:/opt/ros/humble /usr/bin/cmake --build /mpc/new/Elastic-Tracker/src/detection/build/target_ekf -- -j12 -l12
