[0.012s] Invoking command in '/mpc/new/Elastic-Tracker/build/mapping': AMENT_PREFIX_PATH=/mpc/new/Elastic-Tracker/install/quadrotor_msgs:/mpc/new/Elastic-Tracker/install/object_detection_msgs:${AMENT_PREFIX_PATH} CMAKE_PREFIX_PATH=/mpc/new/Elastic-Tracker/install/quadrotor_msgs:/mpc/new/Elastic-Tracker/install/object_detection_msgs:/opt/ros/humble LD_LIBRARY_PATH=/mpc/new/Elastic-Tracker/install/quadrotor_msgs/lib:/mpc/new/Elastic-Tracker/install/object_detection_msgs/lib:${LD_LIBRARY_PATH} PYTHONPATH=/mpc/new/Elastic-Tracker/install/quadrotor_msgs/local/lib/python3.10/dist-packages:/mpc/new/Elastic-Tracker/install/object_detection_msgs/local/lib/python3.10/dist-packages:${PYTHONPATH} /usr/bin/cmake /mpc/new/Elastic-Tracker/src/mapping -DCMAKE_INSTALL_PREFIX=/mpc/new/Elastic-Tracker/install/mapping
[0.055s] -- The C compiler identification is GNU 11.4.0
[0.100s] -- The CXX compiler identification is GNU 11.4.0
[0.108s] -- Detecting C compiler ABI info
[0.160s] -- Detecting C compiler ABI info - done
[0.168s] -- Check for working C compiler: /usr/bin/cc - skipped
[0.168s] -- Detecting C compile features
[0.168s] -- Detecting C compile features - done
[0.171s] -- Detecting CXX compiler ABI info
[0.240s] -- Detecting CXX compiler ABI info - done
[0.248s] -- Check for working CXX compiler: /usr/bin/c++ - skipped
[0.249s] -- Detecting CXX compile features
[0.249s] -- Detecting CXX compile features - done
[0.253s] -- Found ament_cmake: 1.3.11 (/opt/ros/humble/share/ament_cmake/cmake)
[0.420s] -- Found Python3: /usr/bin/python3 (found version "3.10.12") found components: Interpreter 
[0.516s] -- Found rclcpp: 16.0.11 (/opt/ros/humble/share/rclcpp/cmake)
[0.567s] -- Found rosidl_generator_c: 3.1.6 (/opt/ros/humble/share/rosidl_generator_c/cmake)
[0.574s] -- Found rosidl_adapter: 3.1.6 (/opt/ros/humble/share/rosidl_adapter/cmake)
[0.583s] -- Found rosidl_generator_cpp: 3.1.6 (/opt/ros/humble/share/rosidl_generator_cpp/cmake)
[0.596s] -- Using all available rosidl_typesupport_c: rosidl_typesupport_fastrtps_c;rosidl_typesupport_introspection_c
[0.615s] -- Using all available rosidl_typesupport_cpp: rosidl_typesupport_fastrtps_cpp;rosidl_typesupport_introspection_cpp
[0.667s] -- Found rmw_implementation_cmake: 6.1.2 (/opt/ros/humble/share/rmw_implementation_cmake/cmake)
[0.670s] -- Found rmw_cyclonedds_cpp: 1.3.4 (/opt/ros/humble/share/rmw_cyclonedds_cpp/cmake)
[0.693s] -- Using RMW implementation 'rmw_cyclonedds_cpp' as default
[0.704s] -- Looking for pthread.h
[0.766s] -- Looking for pthread.h - found
[0.766s] -- Performing Test CMAKE_HAVE_LIBC_PTHREAD
[0.830s] -- Performing Test CMAKE_HAVE_LIBC_PTHREAD - Success
[0.831s] -- Found Threads: TRUE  
[0.894s] -- Found rclcpp_components: 16.0.11 (/opt/ros/humble/share/rclcpp_components/cmake)
[0.926s] -- Found quadrotor_msgs: 0.0.0 (/mpc/new/Elastic-Tracker/install/quadrotor_msgs/share/quadrotor_msgs/cmake)
[0.985s] -- Found object_detection_msgs: 0.0.0 (/mpc/new/Elastic-Tracker/install/object_detection_msgs/share/object_detection_msgs/cmake)
[1.000s] -- Found tf2_ros: 0.25.9 (/opt/ros/humble/share/tf2_ros/cmake)
[1.081s] -- Found cv_bridge: 3.2.1 (/opt/ros/humble/share/cv_bridge/cmake)
[1.125s] -- Checking for module 'eigen3'
[1.133s] --   Found eigen3, version 3.4.0
[1.152s] -- Found Eigen: /usr/include/eigen3 (Required is at least version "3.1") 
[1.152s] -- Eigen found (include: /usr/include/eigen3, version: 3.4.0)
[1.180s] -- Found Boost: /usr/lib/x86_64-linux-gnu/cmake/Boost-1.74.0/BoostConfig.cmake (found suitable version "1.74.0", minimum required is "1.65.0") found components: system filesystem date_time iostreams serialization 
[1.220s] -- Checking for module 'libusb-1.0'
[1.228s] --   Found libusb-1.0, version 1.0.25
[1.250s] -- Found libusb: /usr/lib/x86_64-linux-gnu/libusb-1.0.so  
[1.251s] -- Found OpenNI: /usr/lib/libOpenNI.so;libusb::libusb (found version "1.5.4.0") 
[1.251s] -- OpenNI found (version: 1.5.4.0, include: /usr/include/ni, lib: /usr/lib/libOpenNI.so;libusb::libusb)
[1.286s] -- Found OpenNI2: /usr/lib/x86_64-linux-gnu/libOpenNI2.so;libusb::libusb (found version "2.2.0.33") 
[1.287s] -- OpenNI2 found (version: 2.2.0.33, include: /usr/include/openni2, lib: /usr/lib/x86_64-linux-gnu/libOpenNI2.so;libusb::libusb)
[1.287s] [0m** WARNING ** io features related to pcap will be disabled[0m
[1.287s] [0m** WARNING ** io features related to png will be disabled[0m
[1.321s] -- Found GLEW: /usr/lib/x86_64-linux-gnu/libGLEW.so  
[1.328s] -- Found OpenGL: /usr/lib/x86_64-linux-gnu/libOpenGL.so  found components: OpenGL GLX 
[1.467s] -- Found MPI_C: /usr/lib/x86_64-linux-gnu/libmpi.so (found version "3.1") 
[1.467s] -- Found MPI: TRUE (found version "3.1") found components: C 
[1.469s] -- Found JsonCpp: /usr/lib/x86_64-linux-gnu/libjsoncpp.so (found suitable version "1.9.5", minimum required is "0.7.0") 
[1.477s] -- Found ZLIB: /usr/lib/x86_64-linux-gnu/libz.so (found version "1.2.11") 
[1.493s] -- Found PNG: /usr/lib/x86_64-linux-gnu/libpng.so (found version "1.6.37") 
[1.506s] -- Found Eigen3: /usr/include/eigen3 (found version "3.4.0") 
[1.572s] -- Found X11: /usr/include   
[1.572s] -- Looking for XOpenDisplay in /usr/lib/x86_64-linux-gnu/libX11.so;/usr/lib/x86_64-linux-gnu/libXext.so
[1.632s] -- Looking for XOpenDisplay in /usr/lib/x86_64-linux-gnu/libX11.so;/usr/lib/x86_64-linux-gnu/libXext.so - found
[1.633s] -- Looking for gethostbyname
[1.693s] -- Looking for gethostbyname - found
[1.693s] -- Looking for connect
[1.751s] -- Looking for connect - found
[1.751s] -- Looking for remove
[1.809s] -- Looking for remove - found
[1.809s] -- Looking for shmat
[1.872s] -- Looking for shmat - found
[1.872s] -- Looking for IceConnectionNumber in ICE
[1.938s] -- Looking for IceConnectionNumber in ICE - found
[2.010s] -- Found EXPAT: /usr/lib/x86_64-linux-gnu/libexpat.so (found version "2.4.7") 
[2.012s] -- Found double-conversion: /usr/lib/x86_64-linux-gnu/libdouble-conversion.so  
[2.014s] -- Found LZ4: /usr/lib/x86_64-linux-gnu/liblz4.so (found version "1.9.3") 
[2.016s] -- Found LZMA: /usr/lib/x86_64-linux-gnu/liblzma.so (found version "5.2.5") 
[2.030s] -- Found JPEG: /usr/lib/x86_64-linux-gnu/libjpeg.so (found version "80") 
[2.034s] -- Found TIFF: /usr/lib/x86_64-linux-gnu/libtiff.so (found version "4.3.0")  
[2.039s] -- Found Freetype: /usr/lib/x86_64-linux-gnu/libfreetype.so (found version "2.11.1") 
[2.045s] -- Found utf8cpp: /usr/include/utf8cpp  
[2.078s] -- Eigen found (include: /usr/include/eigen3, version: 3.4.0)
[2.078s] -- looking for PCL_COMMON
[2.079s] -- Found PCL_COMMON: /usr/lib/x86_64-linux-gnu/libpcl_common.so  
[2.079s] -- looking for PCL_OCTREE
[2.080s] -- Found PCL_OCTREE: /usr/lib/x86_64-linux-gnu/libpcl_octree.so  
[2.080s] -- looking for PCL_IO
[2.080s] -- Found PCL_IO: /usr/lib/x86_64-linux-gnu/libpcl_io.so  
[2.081s] -- Found PCL: pcl_common;pcl_octree;pcl_io;Boost::system;Boost::filesystem;Boost::date_time;Boost::iostreams;Boost::serialization;/usr/lib/libOpenNI.so;libusb::libusb;/usr/lib/x86_64-linux-gnu/libOpenNI2.so;libusb::libusb;VTK::ChartsCore;VTK::CommonColor;VTK::CommonComputationalGeometry;VTK::CommonCore;VTK::CommonDataModel;VTK::CommonExecutionModel;VTK::CommonMath;VTK::CommonMisc;VTK::CommonTransforms;VTK::FiltersCore;VTK::FiltersExtraction;VTK::FiltersGeneral;VTK::FiltersGeometry;VTK::FiltersModeling;VTK::FiltersSources;VTK::ImagingCore;VTK::ImagingSources;VTK::InteractionImage;VTK::InteractionStyle;VTK::InteractionWidgets;VTK::IOCore;VTK::IOGeometry;VTK::IOImage;VTK::IOLegacy;VTK::IOPLY;VTK::RenderingAnnotation;VTK::RenderingCore;VTK::RenderingContext2D;VTK::RenderingLOD;VTK::RenderingFreeType;VTK::ViewsCore;VTK::ViewsContext2D;VTK::RenderingOpenGL2;VTK::GUISupportQt  
[2.083s] -- Found pcl_conversions: 2.4.5 (/opt/ros/humble/share/pcl_conversions/cmake)
[2.117s] -- Found pluginlib: 5.1.0 (/opt/ros/humble/share/pluginlib/cmake)
[2.248s] -- Configuring done
[2.331s] -- Generating done
[2.349s] -- Build files have been written to: /mpc/new/Elastic-Tracker/build/mapping
[2.363s] Invoked command in '/mpc/new/Elastic-Tracker/build/mapping' returned '0': AMENT_PREFIX_PATH=/mpc/new/Elastic-Tracker/install/quadrotor_msgs:/mpc/new/Elastic-Tracker/install/object_detection_msgs:${AMENT_PREFIX_PATH} CMAKE_PREFIX_PATH=/mpc/new/Elastic-Tracker/install/quadrotor_msgs:/mpc/new/Elastic-Tracker/install/object_detection_msgs:/opt/ros/humble LD_LIBRARY_PATH=/mpc/new/Elastic-Tracker/install/quadrotor_msgs/lib:/mpc/new/Elastic-Tracker/install/object_detection_msgs/lib:${LD_LIBRARY_PATH} PYTHONPATH=/mpc/new/Elastic-Tracker/install/quadrotor_msgs/local/lib/python3.10/dist-packages:/mpc/new/Elastic-Tracker/install/object_detection_msgs/local/lib/python3.10/dist-packages:${PYTHONPATH} /usr/bin/cmake /mpc/new/Elastic-Tracker/src/mapping -DCMAKE_INSTALL_PREFIX=/mpc/new/Elastic-Tracker/install/mapping
[2.365s] Invoking command in '/mpc/new/Elastic-Tracker/build/mapping': AMENT_PREFIX_PATH=/mpc/new/Elastic-Tracker/install/quadrotor_msgs:/mpc/new/Elastic-Tracker/install/object_detection_msgs:${AMENT_PREFIX_PATH} CMAKE_PREFIX_PATH=/mpc/new/Elastic-Tracker/install/quadrotor_msgs:/mpc/new/Elastic-Tracker/install/object_detection_msgs:/opt/ros/humble LD_LIBRARY_PATH=/mpc/new/Elastic-Tracker/install/quadrotor_msgs/lib:/mpc/new/Elastic-Tracker/install/object_detection_msgs/lib:${LD_LIBRARY_PATH} PYTHONPATH=/mpc/new/Elastic-Tracker/install/quadrotor_msgs/local/lib/python3.10/dist-packages:/mpc/new/Elastic-Tracker/install/object_detection_msgs/local/lib/python3.10/dist-packages:${PYTHONPATH} /usr/bin/cmake --build /mpc/new/Elastic-Tracker/build/mapping -- -j12 -l12
[2.409s] [ 12%] [32mBuilding CXX object CMakeFiles/mapping_core.dir/src/mapping.cc.o[0m
[8.270s] [ 25%] [32m[1mLinking CXX static library libmapping_core.a[0m
[8.295s] [ 25%] Built target mapping_core
[8.311s] [ 62%] [32mBuilding CXX object CMakeFiles/visualize_history_path.dir/src/visualize_history_path.cpp.o[0m
[8.311s] [ 62%] [32mBuilding CXX object CMakeFiles/mapping_vis_node.dir/src/mapping_vis_node.cpp.o[0m
[8.311s] [ 62%] [32mBuilding CXX object CMakeFiles/mapping_nodelet.dir/src/mapping_nodelet.cpp.o[0m
[8.630s] [01m[K/mpc/new/Elastic-Tracker/src/mapping/src/visualize_history_path.cpp:7:10:[m[K [01;31m[Kfatal error: [m[Kvisualization_msgs/msg/marker.hpp: No such file or directory
[8.630s]     7 | #include [01;31m[K<visualization_msgs/msg/marker.hpp>[m[K
[8.630s]       |          [01;31m[K^~~~~~~~~~~~~~~~~~~~~~~~~~~~~~~~~~~[m[K
[8.630s] compilation terminated.
[8.633s] gmake[2]: *** [CMakeFiles/visualize_history_path.dir/build.make:76: CMakeFiles/visualize_history_path.dir/src/visualize_history_path.cpp.o] Error 1
[8.633s] gmake[1]: *** [CMakeFiles/Makefile2:221: CMakeFiles/visualize_history_path.dir/all] Error 2
[8.633s] gmake[1]: *** Waiting for unfinished jobs....
[13.712s] [01m[K/mpc/new/Elastic-Tracker/src/mapping/src/mapping_nodelet.cpp:[m[K In member function â€˜[01m[Kvoid mapping::MappingNodelet::depth_odom_callback(sensor_msgs::msg::Image_<std::allocator<void> >::ConstSharedPtr, nav_msgs::msg::Odometry_<std::allocator<void> >::ConstSharedPtr)[m[Kâ€™:
[13.712s] [01m[K/mpc/new/Elastic-Tracker/src/mapping/src/mapping_nodelet.cpp:180:23:[m[K [01;31m[Kerror: [m[Kno matching function for call to â€˜[01m[Kmapping::OccGridMap::setFree(Eigen::Vector3d&, Eigen::Vector3d&)[m[Kâ€™
[13.712s]   180 |       [01;31m[Kgridmap_.setFree(ld,ru)[m[K;
[13.712s]       |       [01;31m[K~~~~~~~~~~~~~~~~^~~~~~~[m[K
[13.712s] In file included from [01m[K/mpc/new/Elastic-Tracker/src/mapping/src/mapping_nodelet.cpp:11[m[K:
[13.712s] [01m[K/mpc/new/Elastic-Tracker/src/mapping/include/mapping/mapping.h:192:15:[m[K [01;36m[Knote: [m[Kcandidate: â€˜[01m[Kvoid mapping::OccGridMap::setFree(const Vector3i&)[m[Kâ€™
[13.712s]   192 |   inline void [01;36m[KsetFree[m[K(const Eigen::Vector3i& id) {
[13.712s]       |               [01;36m[K^~~~~~~[m[K
[13.712s] [01m[K/mpc/new/Elastic-Tracker/src/mapping/include/mapping/mapping.h:192:15:[m[K [01;36m[Knote: [m[K  candidate expects 1 argument, 2 provided
[13.712s] [01m[K/mpc/new/Elastic-Tracker/src/mapping/include/mapping/mapping.h:195:15:[m[K [01;36m[Knote: [m[Kcandidate: â€˜[01m[Kvoid mapping::OccGridMap::setFree(const Vector3d&)[m[Kâ€™
[13.712s]   195 |   inline void [01;36m[KsetFree[m[K(const Eigen::Vector3d& p) {
[13.712s]       |               [01;36m[K^~~~~~~[m[K
[13.712s] [01m[K/mpc/new/Elastic-Tracker/src/mapping/include/mapping/mapping.h:195:15:[m[K [01;36m[Knote: [m[K  candidate expects 1 argument, 2 provided
[18.104s] gmake[2]: *** [CMakeFiles/mapping_nodelet.dir/build.make:76: CMakeFiles/mapping_nodelet.dir/src/mapping_nodelet.cpp.o] Error 1
[18.104s] gmake[1]: *** [CMakeFiles/Makefile2:169: CMakeFiles/mapping_nodelet.dir/all] Error 2
[19.029s] [ 75%] [32m[1mLinking CXX executable mapping_vis_node[0m
[21.368s] [ 75%] Built target mapping_vis_node
[21.369s] gmake: *** [Makefile:146: all] Error 2
[21.371s] Invoked command in '/mpc/new/Elastic-Tracker/build/mapping' returned '2': AMENT_PREFIX_PATH=/mpc/new/Elastic-Tracker/install/quadrotor_msgs:/mpc/new/Elastic-Tracker/install/object_detection_msgs:${AMENT_PREFIX_PATH} CMAKE_PREFIX_PATH=/mpc/new/Elastic-Tracker/install/quadrotor_msgs:/mpc/new/Elastic-Tracker/install/object_detection_msgs:/opt/ros/humble LD_LIBRARY_PATH=/mpc/new/Elastic-Tracker/install/quadrotor_msgs/lib:/mpc/new/Elastic-Tracker/install/object_detection_msgs/lib:${LD_LIBRARY_PATH} PYTHONPATH=/mpc/new/Elastic-Tracker/install/quadrotor_msgs/local/lib/python3.10/dist-packages:/mpc/new/Elastic-Tracker/install/object_detection_msgs/local/lib/python3.10/dist-packages:${PYTHONPATH} /usr/bin/cmake --build /mpc/new/Elastic-Tracker/build/mapping -- -j12 -l12
