[0.012s] Invoking command in '/mpc/new/Elastic-Tracker/src/detection/build/target_ekf': CMAKE_PREFIX_PATH=/mpc/new/Elastic-Tracker/src/detection/install/object_detection_msgs:/mpc/new/Elastic-Tracker/src/detection/install/target_ekf:/opt/ros/humble /usr/bin/cmake --build /mpc/new/Elastic-Tracker/src/detection/build/target_ekf -- -j12 -l12
[0.053s] [35m[1mConsolidate compiler generated dependencies of target target_ekf_sim_node[0m
[0.068s] [ 50%] Built target target_ekf_node
[0.077s] [ 75%] [32mBuilding CXX object CMakeFiles/target_ekf_sim_node.dir/src/target_ekf_sim_node.cpp.o[0m
[4.577s] [01m[K/mpc/new/Elastic-Tracker/src/detection/target_ekf/src/target_ekf_sim_node.cpp:[m[K In member function â€˜[01m[Kvoid TargetEkfSimNode::predict_state_callback()[m[Kâ€™:
[4.577s] [01m[K/mpc/new/Elastic-Tracker/src/detection/target_ekf/src/target_ekf_sim_node.cpp:91:20:[m[K [01;31m[Kerror: [m[Kcannot convert â€˜[01m[Krclcpp::Time[m[Kâ€™ to â€˜[01m[Kdouble[m[Kâ€™ in initialization
[4.577s]    91 |     double dt = [01;31m[Know()[m[K;
[4.578s]       |                 [01;31m[K~~~^~[m[K
[4.578s]       |                    [01;31m[K|[m[K
[4.578s]       |                    [01;31m[Krclcpp::Time[m[K
[13.297s] gmake[2]: *** [CMakeFiles/target_ekf_sim_node.dir/build.make:76: CMakeFiles/target_ekf_sim_node.dir/src/target_ekf_sim_node.cpp.o] Error 1
[13.297s] gmake[1]: *** [CMakeFiles/Makefile2:165: CMakeFiles/target_ekf_sim_node.dir/all] Error 2
[13.297s] gmake: *** [Makefile:146: all] Error 2
[13.300s] Invoked command in '/mpc/new/Elastic-Tracker/src/detection/build/target_ekf' returned '2': CMAKE_PREFIX_PATH=/mpc/new/Elastic-Tracker/src/detection/install/object_detection_msgs:/mpc/new/Elastic-Tracker/src/detection/install/target_ekf:/opt/ros/humble /usr/bin/cmake --build /mpc/new/Elastic-Tracker/src/detection/build/target_ekf -- -j12 -l12
