-- The C compiler identification is GNU 11.4.0
-- The CXX compiler identification is GNU 11.4.0
-- Detecting C compiler ABI info
-- Detecting C compiler ABI info - done
-- Check for working C compiler: /usr/bin/cc - skipped
-- Detecting C compile features
-- Detecting C compile features - done
-- Detecting CXX compiler ABI info
-- Detecting CXX compiler ABI info - done
-- Check for working CXX compiler: /usr/bin/c++ - skipped
-- Detecting CXX compile features
-- Detecting CXX compile features - done
-- Found ament_cmake: 1.3.11 (/opt/ros/humble/share/ament_cmake/cmake)
-- Found Python3: /usr/bin/python3 (found version "3.10.12") found components: Interpreter 
-- Found rclcpp: 16.0.11 (/opt/ros/humble/share/rclcpp/cmake)
-- Found rosidl_generator_c: 3.1.6 (/opt/ros/humble/share/rosidl_generator_c/cmake)
-- Found rosidl_adapter: 3.1.6 (/opt/ros/humble/share/rosidl_adapter/cmake)
-- Found rosidl_generator_cpp: 3.1.6 (/opt/ros/humble/share/rosidl_generator_cpp/cmake)
-- Using all available rosidl_typesupport_c: rosidl_typesupport_fastrtps_c;rosidl_typesupport_introspection_c
-- Using all available rosidl_typesupport_cpp: rosidl_typesupport_fastrtps_cpp;rosidl_typesupport_introspection_cpp
-- Found rmw_implementation_cmake: 6.1.2 (/opt/ros/humble/share/rmw_implementation_cmake/cmake)
-- Found rmw_cyclonedds_cpp: 1.3.4 (/opt/ros/humble/share/rmw_cyclonedds_cpp/cmake)
-- Using RMW implementation 'rmw_cyclonedds_cpp' as default
-- Looking for pthread.h
-- Looking for pthread.h - found
-- Performing Test CMAKE_HAVE_LIBC_PTHREAD
-- Performing Test CMAKE_HAVE_LIBC_PTHREAD - Success
-- Found Threads: TRUE  
-- Found pluginlib: 5.1.0 (/opt/ros/humble/share/pluginlib/cmake)
-- Found rviz_common: 11.2.14 (/opt/ros/humble/share/rviz_common/cmake)
-- Setting assimp_DIR to: '/opt/ros/humble/share/rviz_assimp_vendor/cmake/../../../opt/rviz_assimp_vendor/lib/cmake/assimp-4.1'
-- Setting OGRE_DIR to: '/opt/ros/humble/share/rviz_ogre_vendor/cmake/../../../opt/rviz_ogre_vendor/lib/OGRE/cmake'
-- Found OGRE
--   static     : OFF
--   components : HLMS;MeshLodGenerator;Overlay;Paging;Property;RTShaderSystem;Terrain;Volume
--   plugins    : Plugin_BSPSceneManager;Plugin_OctreeSceneManager;Plugin_PCZSceneManager;Plugin_ParticleFX;RenderSystem_GL;RenderSystem_GL3Plus;Codec_STBI
--   media      : /opt/ros/humble/opt/rviz_ogre_vendor/share/OGRE/Media
-- OGRE_LIBRARIES: OgreHLMS;OgreMeshLodGenerator;OgreOverlay;OgrePaging;OgreProperty;OgreRTShaderSystem;OgreTerrain;OgreVolume;OgreMain
-- OGRE_LIBRARY_DIRS: /opt/ros/humble/opt/rviz_ogre_vendor/lib
-- OGRE_PLUGINS: Plugin_BSPSceneManager;Plugin_OctreeSceneManager;Plugin_PCZSceneManager;Plugin_ParticleFX;RenderSystem_GL;RenderSystem_GL3Plus;Codec_STBI
-- OGRE_PLUGIN_DIR: /opt/ros/humble/opt/rviz_ogre_vendor/lib/OGRE
-- rviz_ogre_vendor::OgreOverlay for IMPORTED_LOCATION_RELEASE: /opt/ros/humble/opt/rviz_ogre_vendor/lib/libOgreOverlay.so
-- rviz_ogre_vendor::OgreOverlay for IMPORTED_LOCATION_DEBUG: /opt/ros/humble/opt/rviz_ogre_vendor/lib/libOgreOverlay.so
-- rviz_ogre_vendor::OgreMain for IMPORTED_LOCATION_RELEASE: /opt/ros/humble/opt/rviz_ogre_vendor/lib/libOgreMain.so
-- rviz_ogre_vendor::OgreMain for IMPORTED_LOCATION_DEBUG: /opt/ros/humble/opt/rviz_ogre_vendor/lib/libOgreMain.so
-- Found ZLIB: /usr/lib/x86_64-linux-gnu/libz.so (found version "1.2.11") 
-- Found OpenGL: /usr/lib/x86_64-linux-gnu/libOpenGL.so   
-- Found X11: /usr/include   
-- Looking for XOpenDisplay in /usr/lib/x86_64-linux-gnu/libX11.so;/usr/lib/x86_64-linux-gnu/libXext.so
-- Looking for XOpenDisplay in /usr/lib/x86_64-linux-gnu/libX11.so;/usr/lib/x86_64-linux-gnu/libXext.so - found
-- Looking for gethostbyname
-- Looking for gethostbyname - found
-- Looking for connect
-- Looking for connect - found
-- Looking for remove
-- Looking for remove - found
-- Looking for shmat
-- Looking for shmat - found
-- Looking for IceConnectionNumber in ICE
-- Looking for IceConnectionNumber in ICE - found
-- library: /usr/lib/x86_64-linux-gnu/libcurl.so
-- Found Eigen3: TRUE (found version "3.4.0") 
-- Ensuring Eigen3 include directory is part of orocos-kdl CMake target
-- Found decomp_ros_msgs: 0.0.0 (/mpc/new/Elastic-Tracker/install/decomp_ros_msgs/share/decomp_ros_msgs/cmake)
-- Found decomp_basis: 0.0.0 (/mpc/new/Elastic-Tracker/install/decomp_basis/share/decomp_basis/cmake)
-- Found decomp_geometry: 0.0.0 (/mpc/new/Elastic-Tracker/install/decomp_geometry/share/decomp_geometry/cmake)
-- Configuring done
-- Generating done
-- Build files have been written to: /mpc/new/Elastic-Tracker/build/decomp_ros_utils
[35m[1mConsolidate compiler generated dependencies of target decomp_rviz_plugins[0m
[ 12%] [32mBuilding CXX object CMakeFiles/decomp_rviz_plugins.dir/src/bound_visual.cpp.o[0m
[ 37%] [32mBuilding CXX object CMakeFiles/decomp_rviz_plugins.dir/src/ellipsoid_array_display.cpp.o[0m
[ 37%] [32mBuilding CXX object CMakeFiles/decomp_rviz_plugins.dir/src/ellipsoid_array_visual.cpp.o[0m
[ 50%] [32mBuilding CXX object CMakeFiles/decomp_rviz_plugins.dir/src/mesh_visual.cpp.o[0m
[ 62%] [32mBuilding CXX object CMakeFiles/decomp_rviz_plugins.dir/src/vector_visual.cpp.o[0m
[ 75%] [32mBuilding CXX object CMakeFiles/decomp_rviz_plugins.dir/src/polyhedron_array_display.cpp.o[0m
[ 87%] [32mBuilding CXX object CMakeFiles/decomp_rviz_plugins.dir/src/objects/mesh_shape.cpp.o[0m
In file included from [01m[K/mpc/new/Elastic-Tracker/src/planning/DecompROS/decomp_ros_utils/src/polyhedron_array_display.cpp:5[m[K:
[01m[K/mpc/new/Elastic-Tracker/src/planning/DecompROS/decomp_ros_utils/include/rviz_common/frame_manager.hpp:1:3:[m[K [01;31m[Kerror: [m[Kinvalid preprocessing directive #create
    1 | # [01;31m[Kcreate[m[K and edit:
      |   [01;31m[K^~~~~~[m[K
[01m[K/mpc/new/Elastic-Tracker/src/planning/DecompROS/decomp_ros_utils/include/rviz_common/frame_manager.hpp:2:8:[m[K [01;35m[Kwarning: [m[Kmulti-character character constant [[01;35m[K]8;;https://gcc.gnu.org/onlinedocs/gcc/Warning-Options.html#index-Wmultichar-Wmultichar]8;;[m[K]
    2 | cat << [01;35m[K'EOF'[m[K > include/rviz_common/frame_manager.hpp
      |        [01;35m[K^~~~~[m[K
In file included from [01m[K/mpc/new/Elastic-Tracker/src/planning/DecompROS/decomp_ros_utils/src/ellipsoid_array_display.cpp:10[m[K:
[01m[K/mpc/new/Elastic-Tracker/src/planning/DecompROS/decomp_ros_utils/include/rviz_common/frame_manager.hpp:1:3:[m[K [01;31m[Kerror: [m[Kinvalid preprocessing directive #create
    1 | # [01;31m[Kcreate[m[K and edit:
      |   [01;31m[K^~~~~~[m[K
[01m[K/mpc/new/Elastic-Tracker/src/planning/DecompROS/decomp_ros_utils/include/rviz_common/frame_manager.hpp:2:8:[m[K [01;35m[Kwarning: [m[Kmulti-character character constant [[01;35m[K]8;;https://gcc.gnu.org/onlinedocs/gcc/Warning-Options.html#index-Wmultichar-Wmultichar]8;;[m[K]
    2 | cat << [01;35m[K'EOF'[m[K > include/rviz_common/frame_manager.hpp
      |        [01;35m[K^~~~~[m[K
In file included from [01m[K/mpc/new/Elastic-Tracker/src/planning/DecompROS/decomp_ros_utils/src/mesh_visual.cpp:1[m[K:
[01m[K/mpc/new/Elastic-Tracker/src/planning/DecompROS/decomp_ros_utils/include/decomp_rviz_plugins/mesh_visual.hpp:38:35:[m[K [01;31m[Kerror: [m[Kâ€˜[01m[KMeshShape[m[Kâ€™ is not a member of â€˜[01m[Krviz_rendering[m[Kâ€™; did you mean â€˜[01m[Krviz_rendering::objects::MeshShape[m[Kâ€™?
   38 |   std::unique_ptr<rviz_rendering::[01;31m[KMeshShape[m[K> obj_;
      |                                   [01;31m[K^~~~~~~~~[m[K
In file included from [01m[K/mpc/new/Elastic-Tracker/src/planning/DecompROS/decomp_ros_utils/include/decomp_rviz_plugins/mesh_visual.hpp:10[m[K,
                 from [01m[K/mpc/new/Elastic-Tracker/src/planning/DecompROS/decomp_ros_utils/src/mesh_visual.cpp:1[m[K:
[01m[K/mpc/new/Elastic-Tracker/src/planning/DecompROS/decomp_ros_utils/include/rviz_rendering/objects/mesh_shape.hpp:16:7:[m[K [01;36m[Knote: [m[Kâ€˜[01m[Krviz_rendering::objects::MeshShape[m[Kâ€™ declared here
   16 | class [01;36m[KMeshShape[m[K
      |       [01;36m[K^~~~~~~~~[m[K
In file included from [01m[K/mpc/new/Elastic-Tracker/src/planning/DecompROS/decomp_ros_utils/src/mesh_visual.cpp:1[m[K:
[01m[K/mpc/new/Elastic-Tracker/src/planning/DecompROS/decomp_ros_utils/include/decomp_rviz_plugins/mesh_visual.hpp:38:44:[m[K [01;31m[Kerror: [m[Ktemplate argument 1 is invalid
   38 |   std::unique_ptr<rviz_rendering::MeshShape[01;31m[K>[m[K obj_;
      |                                            [01;31m[K^[m[K
[01m[K/mpc/new/Elastic-Tracker/src/planning/DecompROS/decomp_ros_utils/include/decomp_rviz_plugins/mesh_visual.hpp:38:44:[m[K [01;31m[Kerror: [m[Ktemplate argument 2 is invalid
[01m[K/mpc/new/Elastic-Tracker/src/planning/DecompROS/decomp_ros_utils/src/mesh_visual.cpp:[m[K In constructor â€˜[01m[Kdecomp_rviz_plugins::MeshVisual::MeshVisual(Ogre::SceneManager*, Ogre::SceneNode*)[m[Kâ€™:
[01m[K/mpc/new/Elastic-Tracker/src/planning/DecompROS/decomp_ros_utils/src/mesh_visual.cpp:14:8:[m[K [01;31m[Kerror: [m[Krequest for member â€˜[01m[Kreset[m[Kâ€™ in â€˜[01m[K((decomp_rviz_plugins::MeshVisual*)this)->decomp_rviz_plugins::MeshVisual::obj_[m[Kâ€™, which is of non-class type â€˜[01m[Kint[m[Kâ€™
   14 |   obj_.[01;31m[Kreset[m[K(new rviz_rendering::objects::MeshShape(scene_manager_, frame_node_));
      |        [01;31m[K^~~~~[m[K
[01m[K/mpc/new/Elastic-Tracker/src/planning/DecompROS/decomp_ros_utils/src/mesh_visual.cpp:[m[K In member function â€˜[01m[Kvoid decomp_rviz_plugins::MeshVisual::setMessage(vec_E<std::vector<Eigen::Matrix<double, 3, 1>, Eigen::aligned_allocator<Eigen::Matrix<double, 3, 1> > > >&)[m[Kâ€™:
[01m[K/mpc/new/Elastic-Tracker/src/planning/DecompROS/decomp_ros_utils/src/mesh_visual.cpp:24:7:[m[K [01;31m[Kerror: [m[Kbase operand of â€˜[01m[K->[m[Kâ€™ is not a pointer
   24 |   obj_[01;31m[K->[m[Kclear();
      |       [01;31m[K^~[m[K
[01m[K/mpc/new/Elastic-Tracker/src/planning/DecompROS/decomp_ros_utils/src/mesh_visual.cpp:30:7:[m[K [01;31m[Kerror: [m[Kbase operand of â€˜[01m[K->[m[Kâ€™ is not a pointer
   30 |   obj_[01;31m[K->[m[KbeginTriangles();
      |       [01;31m[K^~[m[K
[01m[K/mpc/new/Elastic-Tracker/src/planning/DecompROS/decomp_ros_utils/src/mesh_visual.cpp:56:11:[m[K [01;31m[Kerror: [m[Kbase operand of â€˜[01m[K->[m[Kâ€™ is not a pointer
   56 |       obj_[01;31m[K->[m[KaddVertex(v, normal);
      |           [01;31m[K^~[m[K
[01m[K/mpc/new/Elastic-Tracker/src/planning/DecompROS/decomp_ros_utils/src/mesh_visual.cpp:60:13:[m[K [01;31m[Kerror: [m[Kbase operand of â€˜[01m[K->[m[Kâ€™ is not a pointer
   60 |         obj_[01;31m[K->[m[KaddTriangle(start_index, vertex_index - 1, vertex_index);
      |             [01;31m[K^~[m[K
[01m[K/mpc/new/Elastic-Tracker/src/planning/DecompROS/decomp_ros_utils/src/mesh_visual.cpp:65:7:[m[K [01;31m[Kerror: [m[Kbase operand of â€˜[01m[K->[m[Kâ€™ is not a pointer
   65 |   obj_[01;31m[K->[m[KendTriangles();
      |       [01;31m[K^~[m[K
[01m[K/mpc/new/Elastic-Tracker/src/planning/DecompROS/decomp_ros_utils/src/mesh_visual.cpp:[m[K In member function â€˜[01m[Kvoid decomp_rviz_plugins::MeshVisual::setColor(float, float, float, float)[m[Kâ€™:
[01m[K/mpc/new/Elastic-Tracker/src/planning/DecompROS/decomp_ros_utils/src/mesh_visual.cpp:80:7:[m[K [01;31m[Kerror: [m[Kbase operand of â€˜[01m[K->[m[Kâ€™ is not a pointer
   80 |   obj_[01;31m[K->[m[KsetColor(r, g, b, a);
      |       [01;31m[K^~[m[K
gmake[2]: *** [CMakeFiles/decomp_rviz_plugins.dir/build.make:90: CMakeFiles/decomp_rviz_plugins.dir/src/mesh_visual.cpp.o] Error 1
gmake[2]: *** Waiting for unfinished jobs....
[01m[K/mpc/new/Elastic-Tracker/src/planning/DecompROS/decomp_ros_utils/src/objects/mesh_shape.cpp:[m[K In constructor â€˜[01m[Krviz_rendering::objects::MeshShape::MeshShape(Ogre::SceneManager*, Ogre::SceneNode*)[m[Kâ€™:
[01m[K/mpc/new/Elastic-Tracker/src/planning/DecompROS/decomp_ros_utils/src/objects/mesh_shape.cpp:13:47:[m[K [01;31m[Kerror: [m[Kno matching function for call to â€˜[01m[KOgre::ManualObject::ManualObject()[m[Kâ€™
   13 |   manual_object_.reset(new Ogre::ManualObject([01;31m[K)[m[K);
      |                                               [01;31m[K^[m[K
In file included from [01m[K/mpc/new/Elastic-Tracker/src/planning/DecompROS/decomp_ros_utils/include/rviz_rendering/objects/mesh_shape.hpp:7[m[K,
                 from [01m[K/mpc/new/Elastic-Tracker/src/planning/DecompROS/decomp_ros_utils/src/objects/mesh_shape.cpp:3[m[K:
[01m[K/usr/include/OGRE/OgreManualObject.h:109:17:[m[K [01;36m[Knote: [m[Kcandidate: â€˜[01m[KOgre::ManualObject::ManualObject(const String&)[m[Kâ€™
  109 |                 [01;36m[KManualObject[m[K(const String& name);
      |                 [01;36m[K^~~~~~~~~~~~[m[K
[01m[K/usr/include/OGRE/OgreManualObject.h:109:17:[m[K [01;36m[Knote: [m[K  candidate expects 1 argument, 0 provided
[01m[K/usr/include/OGRE/OgreManualObject.h:106:27:[m[K [01;36m[Knote: [m[Kcandidate: â€˜[01m[KOgre::ManualObject::ManualObject(const Ogre::ManualObject&)[m[Kâ€™
  106 |         class _OgreExport [01;36m[KManualObject[m[K : public MovableObject
      |                           [01;36m[K^~~~~~~~~~~~[m[K
[01m[K/usr/include/OGRE/OgreManualObject.h:106:27:[m[K [01;36m[Knote: [m[K  candidate expects 1 argument, 0 provided
[01m[K/mpc/new/Elastic-Tracker/src/planning/DecompROS/decomp_ros_utils/src/objects/mesh_shape.cpp:16:20:[m[K [01;31m[Kerror: [m[Kinvalid use of incomplete type â€˜[01m[Kclass Ogre::SceneManager[m[Kâ€™
   16 |     : scene_manager[01;31m[K->[m[KgetRootSceneNode()->createChildSceneNode();
      |                    [01;31m[K^~[m[K
In file included from [01m[K/usr/include/OGRE/OgreSceneNode.h:31[m[K,
                 from [01m[K/mpc/new/Elastic-Tracker/src/planning/DecompROS/decomp_ros_utils/include/rviz_rendering/objects/mesh_shape.hpp:6[m[K,
                 from [01m[K/mpc/new/Elastic-Tracker/src/planning/DecompROS/decomp_ros_utils/src/objects/mesh_shape.cpp:3[m[K:
[01m[K/usr/include/OGRE/OgrePrerequisites.h:254:11:[m[K [01;36m[Knote: [m[Kforward declaration of â€˜[01m[Kclass Ogre::SceneManager[m[Kâ€™
  254 |     class [01;36m[KSceneManager[m[K;
      |           [01;36m[K^~~~~~~~~~~~[m[K
gmake[2]: *** [CMakeFiles/decomp_rviz_plugins.dir/build.make:160: CMakeFiles/decomp_rviz_plugins.dir/src/objects/mesh_shape.cpp.o] Error 1
In file included from [01m[K/mpc/new/Elastic-Tracker/src/planning/DecompROS/decomp_ros_utils/src/polyhedron_array_display.cpp:1[m[K:
[01m[K/mpc/new/Elastic-Tracker/src/planning/DecompROS/decomp_ros_utils/include/decomp_rviz_plugins/polyhedron_array_display.hpp:14:24:[m[K [01;31m[Kerror: [m[Kusing typedef-name â€˜[01m[KOgre::Vector3[m[Kâ€™ after â€˜[01m[Kclass[m[Kâ€™
   14 | namespace Ogre { class [01;31m[KVector3[m[K; class Quaternion; }
      |                        [01;31m[K^~~~~~~[m[K
In file included from [01m[K/opt/ros/humble/opt/rviz_ogre_vendor/include/OGRE/OgreSceneNode.h:36[m[K,
                 from [01m[K/opt/ros/humble/include/rviz_common/rviz_common/ros_topic_display.hpp:39[m[K,
                 from [01m[K/opt/ros/humble/include/rviz_common/rviz_common/message_filter_display.hpp:38[m[K,
                 from [01m[K/mpc/new/Elastic-Tracker/src/planning/DecompROS/decomp_ros_utils/include/decomp_rviz_plugins/polyhedron_array_display.hpp:7[m[K,
                 from [01m[K/mpc/new/Elastic-Tracker/src/planning/DecompROS/decomp_ros_utils/src/polyhedron_array_display.cpp:1[m[K:
[01m[K/opt/ros/humble/opt/rviz_ogre_vendor/include/OGRE/OgrePrerequisites.h:259:29:[m[K [01;36m[Knote: [m[Kâ€˜[01m[KOgre::Vector3[m[Kâ€™ has a previous declaration here
  259 |     typedef Vector<3, Real> [01;36m[KVector3[m[K;
      |                             [01;36m[K^~~~~~~[m[K
In file included from [01m[K/mpc/new/Elastic-Tracker/src/planning/DecompROS/decomp_ros_utils/src/polyhedron_array_display.cpp:1[m[K:
[01m[K/mpc/new/Elastic-Tracker/src/planning/DecompROS/decomp_ros_utils/include/decomp_rviz_plugins/polyhedron_array_display.hpp:50:19:[m[K [01;31m[Kerror: [m[Kâ€˜[01m[KMeshVisual[m[Kâ€™ was not declared in this scope
   50 |   std::shared_ptr<[01;31m[KMeshVisual[m[K>   visual_mesh_;
      |                   [01;31m[K^~~~~~~~~~[m[K
[01m[K/mpc/new/Elastic-Tracker/src/planning/DecompROS/decomp_ros_utils/include/decomp_rviz_plugins/polyhedron_array_display.hpp:50:29:[m[K [01;31m[Kerror: [m[Ktemplate argument 1 is invalid
   50 |   std::shared_ptr<MeshVisual[01;31m[K>[m[K   visual_mesh_;
      |                             [01;31m[K^[m[K
[01m[K/mpc/new/Elastic-Tracker/src/planning/DecompROS/decomp_ros_utils/include/decomp_rviz_plugins/polyhedron_array_display.hpp:51:19:[m[K [01;31m[Kerror: [m[Kâ€˜[01m[KBoundVisual[m[Kâ€™ was not declared in this scope
   51 |   std::shared_ptr<[01;31m[KBoundVisual[m[K>  visual_bound_;
      |                   [01;31m[K^~~~~~~~~~~[m[K
[01m[K/mpc/new/Elastic-Tracker/src/planning/DecompROS/decomp_ros_utils/include/decomp_rviz_plugins/polyhedron_array_display.hpp:51:30:[m[K [01;31m[Kerror: [m[Ktemplate argument 1 is invalid
   51 |   std::shared_ptr<BoundVisual[01;31m[K>[m[K  visual_bound_;
      |                              [01;31m[K^[m[K
[01m[K/mpc/new/Elastic-Tracker/src/planning/DecompROS/decomp_ros_utils/include/decomp_rviz_plugins/polyhedron_array_display.hpp:52:19:[m[K [01;31m[Kerror: [m[Kâ€˜[01m[KVectorVisual[m[Kâ€™ was not declared in this scope
   52 |   std::shared_ptr<[01;31m[KVectorVisual[m[K> visual_vector_;
      |                   [01;31m[K^~~~~~~~~~~~[m[K
[01m[K/mpc/new/Elastic-Tracker/src/planning/DecompROS/decomp_ros_utils/include/decomp_rviz_plugins/polyhedron_array_display.hpp:52:31:[m[K [01;31m[Kerror: [m[Ktemplate argument 1 is invalid
   52 |   std::shared_ptr<VectorVisual[01;31m[K>[m[K visual_vector_;
      |                               [01;31m[K^[m[K
[01m[K/mpc/new/Elastic-Tracker/src/planning/DecompROS/decomp_ros_utils/include/decomp_rviz_plugins/polyhedron_array_display.hpp:68:3:[m[K [01;31m[Kerror: [m[Kâ€˜[01m[Kvec_E[m[Kâ€™ does not name a type
   68 |   [01;31m[Kvec_E[m[K<vec_Vec3f> vertices_;
      |   [01;31m[K^~~~~[m[K
[01m[K/mpc/new/Elastic-Tracker/src/planning/DecompROS/decomp_ros_utils/include/decomp_rviz_plugins/polyhedron_array_display.hpp:69:3:[m[K [01;31m[Kerror: [m[Kâ€˜[01m[Kvec_E[m[Kâ€™ does not name a type
   69 |   [01;31m[Kvec_E[m[K<std::pair<Vec3f, Vec3f>> vs_;
      |   [01;31m[K^~~~~[m[K
In file included from [01m[K/mpc/new/Elastic-Tracker/src/planning/DecompROS/decomp_ros_utils/src/polyhedron_array_display.cpp:2[m[K:
[01m[K/mpc/new/Elastic-Tracker/src/planning/DecompROS/decomp_ros_utils/include/decomp_rviz_plugins/mesh_visual.hpp:38:35:[m[K [01;31m[Kerror: [m[Kâ€˜[01m[KMeshShape[m[Kâ€™ is not a member of â€˜[01m[Krviz_rendering[m[Kâ€™; did you mean â€˜[01m[Krviz_rendering::objects::MeshShape[m[Kâ€™?
   38 |   std::unique_ptr<rviz_rendering::[01;31m[KMeshShape[m[K> obj_;
      |                                   [01;31m[K^~~~~~~~~[m[K
In file included from [01m[K/mpc/new/Elastic-Tracker/src/planning/DecompROS/decomp_ros_utils/include/decomp_rviz_plugins/mesh_visual.hpp:10[m[K,
                 from [01m[K/mpc/new/Elastic-Tracker/src/planning/DecompROS/decomp_ros_utils/src/polyhedron_array_display.cpp:2[m[K:
[01m[K/mpc/new/Elastic-Tracker/src/planning/DecompROS/decomp_ros_utils/include/rviz_rendering/objects/mesh_shape.hpp:16:7:[m[K [01;36m[Knote: [m[Kâ€˜[01m[Krviz_rendering::objects::MeshShape[m[Kâ€™ declared here
   16 | class [01;36m[KMeshShape[m[K
      |       [01;36m[K^~~~~~~~~[m[K
In file included from [01m[K/mpc/new/Elastic-Tracker/src/planning/DecompROS/decomp_ros_utils/src/polyhedron_array_display.cpp:2[m[K:
[01m[K/mpc/new/Elastic-Tracker/src/planning/DecompROS/decomp_ros_utils/include/decomp_rviz_plugins/mesh_visual.hpp:38:44:[m[K [01;31m[Kerror: [m[Ktemplate argument 1 is invalid
   38 |   std::unique_ptr<rviz_rendering::MeshShape[01;31m[K>[m[K obj_;
      |                                            [01;31m[K^[m[K
[01m[K/mpc/new/Elastic-Tracker/src/planning/DecompROS/decomp_ros_utils/include/decomp_rviz_plugins/mesh_visual.hpp:38:44:[m[K [01;31m[Kerror: [m[Ktemplate argument 2 is invalid
In file included from [01m[K/mpc/new/Elastic-Tracker/src/planning/DecompROS/decomp_ros_utils/src/polyhedron_array_display.cpp:4[m[K:
[01m[K/mpc/new/Elastic-Tracker/src/planning/DecompROS/decomp_ros_utils/include/decomp_rviz_plugins/vector_visual.hpp:14:7:[m[K [01;31m[Kerror: [m[Kconflicting declaration â€˜[01m[Kusing Vec3f = Eigen::Vector3f[m[Kâ€™
   14 | using [01;31m[KVec3f[m[K = Eigen::Vector3f;
      |       [01;31m[K^~~~~[m[K
In file included from [01m[K/mpc/new/Elastic-Tracker/install/decomp_geometry/include/decomp_geometry/polyhedron.h:9[m[K,
                 from [01m[K/mpc/new/Elastic-Tracker/src/planning/DecompROS/decomp_ros_utils/include/decomp_rviz_plugins/mesh_visual.hpp:12[m[K,
                 from [01m[K/mpc/new/Elastic-Tracker/src/planning/DecompROS/decomp_ros_utils/src/polyhedron_array_display.cpp:2[m[K:
[01m[K/mpc/new/Elastic-Tracker/install/decomp_basis/include/decomp_basis/data_type.h:79:17:[m[K [01;36m[Knote: [m[Kprevious declaration as â€˜[01m[Ktypedef Vecf<3> Vec3f[m[Kâ€™
   79 | typedef Vecf<3> [01;36m[KVec3f[m[K;
      |                 [01;36m[K^~~~~[m[K
In file included from [01m[K/mpc/new/Elastic-Tracker/src/planning/DecompROS/decomp_ros_utils/src/polyhedron_array_display.cpp:5[m[K:
[01m[K/mpc/new/Elastic-Tracker/src/planning/DecompROS/decomp_ros_utils/include/rviz_common/frame_manager.hpp:2:1:[m[K [01;31m[Kerror: [m[Kâ€˜[01m[Kcat[m[Kâ€™ does not name a type
    2 | [01;31m[Kcat[m[K << 'EOF' > include/rviz_common/frame_manager.hpp
      | [01;31m[K^~~[m[K
In file included from [01m[K/usr/include/c++/11/cstdio:42[m[K,
                 from [01m[K/usr/include/c++/11/ext/string_conversions.h:43[m[K,
                 from [01m[K/usr/include/c++/11/bits/basic_string.h:6608[m[K,
                 from [01m[K/usr/include/c++/11/string:55[m[K,
                 from [01m[K/usr/include/c++/11/stdexcept:39[m[K,
                 from [01m[K/opt/ros/humble/include/message_filters/message_filters/subscriber.h:38[m[K,
                 from [01m[K/opt/ros/humble/include/rviz_common/rviz_common/message_filter_display.hpp:33[m[K,
                 from [01m[K/mpc/new/Elastic-Tracker/src/planning/DecompROS/decomp_ros_utils/include/decomp_rviz_plugins/polyhedron_array_display.hpp:7[m[K,
                 from [01m[K/mpc/new/Elastic-Tracker/src/planning/DecompROS/decomp_ros_utils/src/polyhedron_array_display.cpp:1[m[K:
[01m[K/mpc/new/Elastic-Tracker/src/planning/DecompROS/decomp_ros_utils/include/rviz_common/frame_manager.hpp:38:1:[m[K [01;31m[Kerror: [m[Kexpected unqualified-id before â€˜[01m[K-[m[Kâ€™ token
   38 | [01;31m[KEOF[m[K
      | [01;31m[K^~~[m[K
[01m[K/mpc/new/Elastic-Tracker/src/planning/DecompROS/decomp_ros_utils/include/rviz_common/frame_manager.hpp:38:1:[m[K [01;31m[Kerror: [m[Kexpected â€˜[01m[K)[m[Kâ€™ before â€˜[01m[K-[m[Kâ€™ token
   38 | [01;31m[KEOF[m[K
      | [01;31m[K^~~[m[K
[01m[K/mpc/new/Elastic-Tracker/src/planning/DecompROS/decomp_ros_utils/include/rviz_common/frame_manager.hpp:2:1:[m[K [01;31m[Kerror: [m[Kâ€˜[01m[Kcat[m[Kâ€™ does not name a type
    2 | [01;31m[Kcat[m[K << 'EOF' > include/rviz_common/frame_manager.hpp
      | [01;31m[K^~~[m[K
In file included from [01m[K/usr/include/c++/11/cstdio:42[m[K,
                 from [01m[K/usr/include/c++/11/ext/string_conversions.h:43[m[K,
                 from [01m[K/usr/include/c++/11/bits/basic_string.h:6608[m[K,
                 from [01m[K/usr/include/c++/11/string:55[m[K,
                 from [01m[K/usr/include/c++/11/stdexcept:39[m[K,
                 from [01m[K/opt/ros/humble/include/message_filters/message_filters/subscriber.h:38[m[K,
                 from [01m[K/opt/ros/humble/include/rviz_common/rviz_common/message_filter_display.hpp:33[m[K,
                 from [01m[K/mpc/new/Elastic-Tracker/src/planning/DecompROS/decomp_ros_utils/include/decomp_rviz_plugins/ellipsoid_array_display.hpp:6[m[K,
                 from [01m[K/mpc/new/Elastic-Tracker/src/planning/DecompROS/decomp_ros_utils/src/ellipsoid_array_display.cpp:1[m[K:
[01m[K/mpc/new/Elastic-Tracker/src/planning/DecompROS/decomp_ros_utils/include/rviz_common/frame_manager.hpp:38:1:[m[K [01;31m[Kerror: [m[Kexpected unqualified-id before â€˜[01m[K-[m[Kâ€™ token
   38 | [01;31m[KEOF[m[K
      | [01;31m[K^~~[m[K
[01m[K/mpc/new/Elastic-Tracker/src/planning/DecompROS/decomp_ros_utils/include/rviz_common/frame_manager.hpp:38:1:[m[K [01;31m[Kerror: [m[Kexpected â€˜[01m[K)[m[Kâ€™ before â€˜[01m[K-[m[Kâ€™ token
   38 | [01;31m[KEOF[m[K
      | [01;31m[K^~~[m[K
gmake[2]: *** [CMakeFiles/decomp_rviz_plugins.dir/build.make:146: CMakeFiles/decomp_rviz_plugins.dir/src/polyhedron_array_display.cpp.o] Error 1
gmake[2]: *** [CMakeFiles/decomp_rviz_plugins.dir/build.make:132: CMakeFiles/decomp_rviz_plugins.dir/src/ellipsoid_array_display.cpp.o] Error 1
gmake[1]: *** [CMakeFiles/Makefile2:137: CMakeFiles/decomp_rviz_plugins.dir/all] Error 2
gmake: *** [Makefile:146: all] Error 2
