[0.011s] Invoking command in '/mpc/new/Elastic-Tracker/build/decomp_ros_utils': CMAKE_PREFIX_PATH=/mpc/new/Elastic-Tracker/install/decomp_ros_msgs:/mpc/new/Elastic-Tracker/install/target_ekf:/mpc/new/Elastic-Tracker/install/mapping:/mpc/new/Elastic-Tracker/install/quadrotor_msgs:/mpc/new/Elastic-Tracker/install/object_detection_msgs:/mpc/new/Elastic-Tracker/install/decomp_geometry:/mpc/new/Elastic-Tracker/install/decomp_basis:/opt/ros/humble LD_LIBRARY_PATH=/mpc/new/Elastic-Tracker/install/decomp_ros_msgs/lib:/mpc/new/Elastic-Tracker/install/mapping/lib:/mpc/new/Elastic-Tracker/install/quadrotor_msgs/lib:/mpc/new/Elastic-Tracker/install/object_detection_msgs/lib:/opt/ros/humble/opt/rviz_ogre_vendor/lib:/opt/ros/humble/lib/x86_64-linux-gnu:/opt/ros/humble/lib:/usr/lib:/new/px4-offboard_ws/src/acados/lib:/mpc/new/acados/lib /usr/bin/cmake /mpc/new/Elastic-Tracker/src/planning/DecompROS/decomp_ros_utils -DCMAKE_INSTALL_PREFIX=/mpc/new/Elastic-Tracker/install/decomp_ros_utils
[0.060s] -- The C compiler identification is GNU 11.4.0
[0.110s] -- The CXX compiler identification is GNU 11.4.0
[0.117s] -- Detecting C compiler ABI info
[0.174s] -- Detecting C compiler ABI info - done
[0.181s] -- Check for working C compiler: /usr/bin/cc - skipped
[0.182s] -- Detecting C compile features
[0.182s] -- Detecting C compile features - done
[0.185s] -- Detecting CXX compiler ABI info
[0.253s] -- Detecting CXX compiler ABI info - done
[0.262s] -- Check for working CXX compiler: /usr/bin/c++ - skipped
[0.262s] -- Detecting CXX compile features
[0.262s] -- Detecting CXX compile features - done
[0.266s] -- Found ament_cmake: 1.3.11 (/opt/ros/humble/share/ament_cmake/cmake)
[0.439s] -- Found Python3: /usr/bin/python3 (found version "3.10.12") found components: Interpreter 
[0.543s] -- Found rclcpp: 16.0.11 (/opt/ros/humble/share/rclcpp/cmake)
[0.594s] -- Found rosidl_generator_c: 3.1.6 (/opt/ros/humble/share/rosidl_generator_c/cmake)
[0.601s] -- Found rosidl_adapter: 3.1.6 (/opt/ros/humble/share/rosidl_adapter/cmake)
[0.611s] -- Found rosidl_generator_cpp: 3.1.6 (/opt/ros/humble/share/rosidl_generator_cpp/cmake)
[0.626s] -- Using all available rosidl_typesupport_c: rosidl_typesupport_fastrtps_c;rosidl_typesupport_introspection_c
[0.645s] -- Using all available rosidl_typesupport_cpp: rosidl_typesupport_fastrtps_cpp;rosidl_typesupport_introspection_cpp
[0.698s] -- Found rmw_implementation_cmake: 6.1.2 (/opt/ros/humble/share/rmw_implementation_cmake/cmake)
[0.702s] -- Found rmw_cyclonedds_cpp: 1.3.4 (/opt/ros/humble/share/rmw_cyclonedds_cpp/cmake)
[0.728s] -- Using RMW implementation 'rmw_cyclonedds_cpp' as default
[0.740s] -- Looking for pthread.h
[0.800s] -- Looking for pthread.h - found
[0.800s] -- Performing Test CMAKE_HAVE_LIBC_PTHREAD
[0.864s] -- Performing Test CMAKE_HAVE_LIBC_PTHREAD - Success
[0.865s] -- Found Threads: TRUE  
[0.929s] -- Found pluginlib: 5.1.0 (/opt/ros/humble/share/pluginlib/cmake)
[0.964s] -- Found rviz_common: 11.2.14 (/opt/ros/humble/share/rviz_common/cmake)
[0.982s] -- Setting assimp_DIR to: '/opt/ros/humble/share/rviz_assimp_vendor/cmake/../../../opt/rviz_assimp_vendor/lib/cmake/assimp-4.1'
[0.993s] -- Setting OGRE_DIR to: '/opt/ros/humble/share/rviz_ogre_vendor/cmake/../../../opt/rviz_ogre_vendor/lib/OGRE/cmake'
[0.994s] -- Found OGRE
[0.994s] --   static     : OFF
[0.994s] --   components : HLMS;MeshLodGenerator;Overlay;Paging;Property;RTShaderSystem;Terrain;Volume
[0.995s] --   plugins    : Plugin_BSPSceneManager;Plugin_OctreeSceneManager;Plugin_PCZSceneManager;Plugin_ParticleFX;RenderSystem_GL;RenderSystem_GL3Plus;Codec_STBI
[0.995s] --   media      : /opt/ros/humble/opt/rviz_ogre_vendor/share/OGRE/Media
[0.995s] -- OGRE_LIBRARIES: OgreHLMS;OgreMeshLodGenerator;OgreOverlay;OgrePaging;OgreProperty;OgreRTShaderSystem;OgreTerrain;OgreVolume;OgreMain
[0.995s] -- OGRE_LIBRARY_DIRS: /opt/ros/humble/opt/rviz_ogre_vendor/lib
[0.995s] -- OGRE_PLUGINS: Plugin_BSPSceneManager;Plugin_OctreeSceneManager;Plugin_PCZSceneManager;Plugin_ParticleFX;RenderSystem_GL;RenderSystem_GL3Plus;Codec_STBI
[0.995s] -- OGRE_PLUGIN_DIR: /opt/ros/humble/opt/rviz_ogre_vendor/lib/OGRE
[0.995s] -- rviz_ogre_vendor::OgreOverlay for IMPORTED_LOCATION_RELEASE: /opt/ros/humble/opt/rviz_ogre_vendor/lib/libOgreOverlay.so
[0.995s] -- rviz_ogre_vendor::OgreOverlay for IMPORTED_LOCATION_DEBUG: /opt/ros/humble/opt/rviz_ogre_vendor/lib/libOgreOverlay.so
[0.995s] -- rviz_ogre_vendor::OgreMain for IMPORTED_LOCATION_RELEASE: /opt/ros/humble/opt/rviz_ogre_vendor/lib/libOgreMain.so
[0.995s] -- rviz_ogre_vendor::OgreMain for IMPORTED_LOCATION_DEBUG: /opt/ros/humble/opt/rviz_ogre_vendor/lib/libOgreMain.so
[1.012s] -- Found ZLIB: /usr/lib/x86_64-linux-gnu/libz.so (found version "1.2.11") 
[1.016s] -- Found OpenGL: /usr/lib/x86_64-linux-gnu/libOpenGL.so   
[1.077s] -- Found X11: /usr/include   
[1.078s] -- Looking for XOpenDisplay in /usr/lib/x86_64-linux-gnu/libX11.so;/usr/lib/x86_64-linux-gnu/libXext.so
[1.139s] -- Looking for XOpenDisplay in /usr/lib/x86_64-linux-gnu/libX11.so;/usr/lib/x86_64-linux-gnu/libXext.so - found
[1.139s] -- Looking for gethostbyname
[1.197s] -- Looking for gethostbyname - found
[1.197s] -- Looking for connect
[1.257s] -- Looking for connect - found
[1.257s] -- Looking for remove
[1.315s] -- Looking for remove - found
[1.316s] -- Looking for shmat
[1.374s] -- Looking for shmat - found
[1.374s] -- Looking for IceConnectionNumber in ICE
[1.434s] -- Looking for IceConnectionNumber in ICE - found
[1.515s] -- library: /usr/lib/x86_64-linux-gnu/libcurl.so
[1.577s] -- Found Eigen3: TRUE (found version "3.4.0") 
[1.577s] -- Ensuring Eigen3 include directory is part of orocos-kdl CMake target
[1.704s] -- Found decomp_ros_msgs: 0.0.0 (/mpc/new/Elastic-Tracker/install/decomp_ros_msgs/share/decomp_ros_msgs/cmake)
[1.721s] -- Found decomp_basis: 0.0.0 (/mpc/new/Elastic-Tracker/install/decomp_basis/share/decomp_basis/cmake)
[1.723s] -- Found decomp_geometry: 0.0.0 (/mpc/new/Elastic-Tracker/install/decomp_geometry/share/decomp_geometry/cmake)
[1.800s] -- Configuring done
[1.817s] -- Generating done
[1.822s] -- Build files have been written to: /mpc/new/Elastic-Tracker/build/decomp_ros_utils
[1.834s] Invoked command in '/mpc/new/Elastic-Tracker/build/decomp_ros_utils' returned '0': CMAKE_PREFIX_PATH=/mpc/new/Elastic-Tracker/install/decomp_ros_msgs:/mpc/new/Elastic-Tracker/install/target_ekf:/mpc/new/Elastic-Tracker/install/mapping:/mpc/new/Elastic-Tracker/install/quadrotor_msgs:/mpc/new/Elastic-Tracker/install/object_detection_msgs:/mpc/new/Elastic-Tracker/install/decomp_geometry:/mpc/new/Elastic-Tracker/install/decomp_basis:/opt/ros/humble LD_LIBRARY_PATH=/mpc/new/Elastic-Tracker/install/decomp_ros_msgs/lib:/mpc/new/Elastic-Tracker/install/mapping/lib:/mpc/new/Elastic-Tracker/install/quadrotor_msgs/lib:/mpc/new/Elastic-Tracker/install/object_detection_msgs/lib:/opt/ros/humble/opt/rviz_ogre_vendor/lib:/opt/ros/humble/lib/x86_64-linux-gnu:/opt/ros/humble/lib:/usr/lib:/new/px4-offboard_ws/src/acados/lib:/mpc/new/acados/lib /usr/bin/cmake /mpc/new/Elastic-Tracker/src/planning/DecompROS/decomp_ros_utils -DCMAKE_INSTALL_PREFIX=/mpc/new/Elastic-Tracker/install/decomp_ros_utils
[1.834s] Invoking command in '/mpc/new/Elastic-Tracker/build/decomp_ros_utils': CMAKE_PREFIX_PATH=/mpc/new/Elastic-Tracker/install/decomp_ros_msgs:/mpc/new/Elastic-Tracker/install/target_ekf:/mpc/new/Elastic-Tracker/install/mapping:/mpc/new/Elastic-Tracker/install/quadrotor_msgs:/mpc/new/Elastic-Tracker/install/object_detection_msgs:/mpc/new/Elastic-Tracker/install/decomp_geometry:/mpc/new/Elastic-Tracker/install/decomp_basis:/opt/ros/humble LD_LIBRARY_PATH=/mpc/new/Elastic-Tracker/install/decomp_ros_msgs/lib:/mpc/new/Elastic-Tracker/install/mapping/lib:/mpc/new/Elastic-Tracker/install/quadrotor_msgs/lib:/mpc/new/Elastic-Tracker/install/object_detection_msgs/lib:/opt/ros/humble/opt/rviz_ogre_vendor/lib:/opt/ros/humble/lib/x86_64-linux-gnu:/opt/ros/humble/lib:/usr/lib:/new/px4-offboard_ws/src/acados/lib:/mpc/new/acados/lib /usr/bin/cmake --build /mpc/new/Elastic-Tracker/build/decomp_ros_utils -- -j12 -l12
[1.872s] [35m[1mConsolidate compiler generated dependencies of target decomp_rviz_plugins[0m
[1.893s] [ 12%] [32mBuilding CXX object CMakeFiles/decomp_rviz_plugins.dir/src/bound_visual.cpp.o[0m
[1.894s] [ 37%] [32mBuilding CXX object CMakeFiles/decomp_rviz_plugins.dir/src/ellipsoid_array_display.cpp.o[0m
[1.894s] [ 37%] [32mBuilding CXX object CMakeFiles/decomp_rviz_plugins.dir/src/ellipsoid_array_visual.cpp.o[0m
[1.895s] [ 50%] [32mBuilding CXX object CMakeFiles/decomp_rviz_plugins.dir/src/mesh_visual.cpp.o[0m
[1.895s] [ 62%] [32mBuilding CXX object CMakeFiles/decomp_rviz_plugins.dir/src/vector_visual.cpp.o[0m
[1.897s] [ 75%] [32mBuilding CXX object CMakeFiles/decomp_rviz_plugins.dir/src/polyhedron_array_display.cpp.o[0m
[1.897s] [ 87%] [32mBuilding CXX object CMakeFiles/decomp_rviz_plugins.dir/src/objects/mesh_shape.cpp.o[0m
[2.500s] In file included from [01m[K/mpc/new/Elastic-Tracker/src/planning/DecompROS/decomp_ros_utils/src/polyhedron_array_display.cpp:5[m[K:
[2.500s] [01m[K/mpc/new/Elastic-Tracker/src/planning/DecompROS/decomp_ros_utils/include/rviz_common/frame_manager.hpp:1:3:[m[K [01;31m[Kerror: [m[Kinvalid preprocessing directive #create
[2.500s]     1 | # [01;31m[Kcreate[m[K and edit:
[2.500s]       |   [01;31m[K^~~~~~[m[K
[2.500s] [01m[K/mpc/new/Elastic-Tracker/src/planning/DecompROS/decomp_ros_utils/include/rviz_common/frame_manager.hpp:2:8:[m[K [01;35m[Kwarning: [m[Kmulti-character character constant [[01;35m[K]8;;https://gcc.gnu.org/onlinedocs/gcc/Warning-Options.html#index-Wmultichar-Wmultichar]8;;[m[K]
[2.500s]     2 | cat << [01;35m[K'EOF'[m[K > include/rviz_common/frame_manager.hpp
[2.500s]       |        [01;35m[K^~~~~[m[K
[2.749s] In file included from [01m[K/mpc/new/Elastic-Tracker/src/planning/DecompROS/decomp_ros_utils/src/ellipsoid_array_display.cpp:10[m[K:
[2.749s] [01m[K/mpc/new/Elastic-Tracker/src/planning/DecompROS/decomp_ros_utils/include/rviz_common/frame_manager.hpp:1:3:[m[K [01;31m[Kerror: [m[Kinvalid preprocessing directive #create
[2.749s]     1 | # [01;31m[Kcreate[m[K and edit:
[2.749s]       |   [01;31m[K^~~~~~[m[K
[2.749s] [01m[K/mpc/new/Elastic-Tracker/src/planning/DecompROS/decomp_ros_utils/include/rviz_common/frame_manager.hpp:2:8:[m[K [01;35m[Kwarning: [m[Kmulti-character character constant [[01;35m[K]8;;https://gcc.gnu.org/onlinedocs/gcc/Warning-Options.html#index-Wmultichar-Wmultichar]8;;[m[K]
[2.749s]     2 | cat << [01;35m[K'EOF'[m[K > include/rviz_common/frame_manager.hpp
[2.750s]       |        [01;35m[K^~~~~[m[K
[3.963s] In file included from [01m[K/mpc/new/Elastic-Tracker/src/planning/DecompROS/decomp_ros_utils/src/mesh_visual.cpp:1[m[K:
[3.963s] [01m[K/mpc/new/Elastic-Tracker/src/planning/DecompROS/decomp_ros_utils/include/decomp_rviz_plugins/mesh_visual.hpp:38:35:[m[K [01;31m[Kerror: [m[Kâ€˜[01m[KMeshShape[m[Kâ€™ is not a member of â€˜[01m[Krviz_rendering[m[Kâ€™; did you mean â€˜[01m[Krviz_rendering::objects::MeshShape[m[Kâ€™?
[3.963s]    38 |   std::unique_ptr<rviz_rendering::[01;31m[KMeshShape[m[K> obj_;
[3.963s]       |                                   [01;31m[K^~~~~~~~~[m[K
[3.963s] In file included from [01m[K/mpc/new/Elastic-Tracker/src/planning/DecompROS/decomp_ros_utils/include/decomp_rviz_plugins/mesh_visual.hpp:10[m[K,
[3.963s]                  from [01m[K/mpc/new/Elastic-Tracker/src/planning/DecompROS/decomp_ros_utils/src/mesh_visual.cpp:1[m[K:
[3.964s] [01m[K/mpc/new/Elastic-Tracker/src/planning/DecompROS/decomp_ros_utils/include/rviz_rendering/objects/mesh_shape.hpp:16:7:[m[K [01;36m[Knote: [m[Kâ€˜[01m[Krviz_rendering::objects::MeshShape[m[Kâ€™ declared here
[3.964s]    16 | class [01;36m[KMeshShape[m[K
[3.964s]       |       [01;36m[K^~~~~~~~~[m[K
[3.964s] In file included from [01m[K/mpc/new/Elastic-Tracker/src/planning/DecompROS/decomp_ros_utils/src/mesh_visual.cpp:1[m[K:
[3.964s] [01m[K/mpc/new/Elastic-Tracker/src/planning/DecompROS/decomp_ros_utils/include/decomp_rviz_plugins/mesh_visual.hpp:38:44:[m[K [01;31m[Kerror: [m[Ktemplate argument 1 is invalid
[3.964s]    38 |   std::unique_ptr<rviz_rendering::MeshShape[01;31m[K>[m[K obj_;
[3.964s]       |                                            [01;31m[K^[m[K
[3.964s] [01m[K/mpc/new/Elastic-Tracker/src/planning/DecompROS/decomp_ros_utils/include/decomp_rviz_plugins/mesh_visual.hpp:38:44:[m[K [01;31m[Kerror: [m[Ktemplate argument 2 is invalid
[3.965s] [01m[K/mpc/new/Elastic-Tracker/src/planning/DecompROS/decomp_ros_utils/src/mesh_visual.cpp:[m[K In constructor â€˜[01m[Kdecomp_rviz_plugins::MeshVisual::MeshVisual(Ogre::SceneManager*, Ogre::SceneNode*)[m[Kâ€™:
[3.965s] [01m[K/mpc/new/Elastic-Tracker/src/planning/DecompROS/decomp_ros_utils/src/mesh_visual.cpp:14:8:[m[K [01;31m[Kerror: [m[Krequest for member â€˜[01m[Kreset[m[Kâ€™ in â€˜[01m[K((decomp_rviz_plugins::MeshVisual*)this)->decomp_rviz_plugins::MeshVisual::obj_[m[Kâ€™, which is of non-class type â€˜[01m[Kint[m[Kâ€™
[3.965s]    14 |   obj_.[01;31m[Kreset[m[K(new rviz_rendering::objects::MeshShape(scene_manager_, frame_node_));
[3.965s]       |        [01;31m[K^~~~~[m[K
[3.965s] [01m[K/mpc/new/Elastic-Tracker/src/planning/DecompROS/decomp_ros_utils/src/mesh_visual.cpp:[m[K In member function â€˜[01m[Kvoid decomp_rviz_plugins::MeshVisual::setMessage(vec_E<std::vector<Eigen::Matrix<double, 3, 1>, Eigen::aligned_allocator<Eigen::Matrix<double, 3, 1> > > >&)[m[Kâ€™:
[3.965s] [01m[K/mpc/new/Elastic-Tracker/src/planning/DecompROS/decomp_ros_utils/src/mesh_visual.cpp:24:7:[m[K [01;31m[Kerror: [m[Kbase operand of â€˜[01m[K->[m[Kâ€™ is not a pointer
[3.965s]    24 |   obj_[01;31m[K->[m[Kclear();
[3.966s]       |       [01;31m[K^~[m[K
[3.968s] [01m[K/mpc/new/Elastic-Tracker/src/planning/DecompROS/decomp_ros_utils/src/mesh_visual.cpp:30:7:[m[K [01;31m[Kerror: [m[Kbase operand of â€˜[01m[K->[m[Kâ€™ is not a pointer
[3.968s]    30 |   obj_[01;31m[K->[m[KbeginTriangles();
[3.968s]       |       [01;31m[K^~[m[K
[3.995s] [01m[K/mpc/new/Elastic-Tracker/src/planning/DecompROS/decomp_ros_utils/src/mesh_visual.cpp:56:11:[m[K [01;31m[Kerror: [m[Kbase operand of â€˜[01m[K->[m[Kâ€™ is not a pointer
[3.995s]    56 |       obj_[01;31m[K->[m[KaddVertex(v, normal);
[3.995s]       |           [01;31m[K^~[m[K
[3.995s] [01m[K/mpc/new/Elastic-Tracker/src/planning/DecompROS/decomp_ros_utils/src/mesh_visual.cpp:60:13:[m[K [01;31m[Kerror: [m[Kbase operand of â€˜[01m[K->[m[Kâ€™ is not a pointer
[3.995s]    60 |         obj_[01;31m[K->[m[KaddTriangle(start_index, vertex_index - 1, vertex_index);
[3.995s]       |             [01;31m[K^~[m[K
[3.995s] [01m[K/mpc/new/Elastic-Tracker/src/planning/DecompROS/decomp_ros_utils/src/mesh_visual.cpp:65:7:[m[K [01;31m[Kerror: [m[Kbase operand of â€˜[01m[K->[m[Kâ€™ is not a pointer
[3.996s]    65 |   obj_[01;31m[K->[m[KendTriangles();
[3.996s]       |       [01;31m[K^~[m[K
[3.996s] [01m[K/mpc/new/Elastic-Tracker/src/planning/DecompROS/decomp_ros_utils/src/mesh_visual.cpp:[m[K In member function â€˜[01m[Kvoid decomp_rviz_plugins::MeshVisual::setColor(float, float, float, float)[m[Kâ€™:
[3.996s] [01m[K/mpc/new/Elastic-Tracker/src/planning/DecompROS/decomp_ros_utils/src/mesh_visual.cpp:80:7:[m[K [01;31m[Kerror: [m[Kbase operand of â€˜[01m[K->[m[Kâ€™ is not a pointer
[3.996s]    80 |   obj_[01;31m[K->[m[KsetColor(r, g, b, a);
[3.996s]       |       [01;31m[K^~[m[K
[4.378s] gmake[2]: *** [CMakeFiles/decomp_rviz_plugins.dir/build.make:90: CMakeFiles/decomp_rviz_plugins.dir/src/mesh_visual.cpp.o] Error 1
[4.378s] gmake[2]: *** Waiting for unfinished jobs....
[5.181s] [01m[K/mpc/new/Elastic-Tracker/src/planning/DecompROS/decomp_ros_utils/src/objects/mesh_shape.cpp:[m[K In constructor â€˜[01m[Krviz_rendering::objects::MeshShape::MeshShape(Ogre::SceneManager*, Ogre::SceneNode*)[m[Kâ€™:
[5.181s] [01m[K/mpc/new/Elastic-Tracker/src/planning/DecompROS/decomp_ros_utils/src/objects/mesh_shape.cpp:13:47:[m[K [01;31m[Kerror: [m[Kno matching function for call to â€˜[01m[KOgre::ManualObject::ManualObject()[m[Kâ€™
[5.181s]    13 |   manual_object_.reset(new Ogre::ManualObject([01;31m[K)[m[K);
[5.181s]       |                                               [01;31m[K^[m[K
[5.181s] In file included from [01m[K/mpc/new/Elastic-Tracker/src/planning/DecompROS/decomp_ros_utils/include/rviz_rendering/objects/mesh_shape.hpp:7[m[K,
[5.181s]                  from [01m[K/mpc/new/Elastic-Tracker/src/planning/DecompROS/decomp_ros_utils/src/objects/mesh_shape.cpp:3[m[K:
[5.181s] [01m[K/usr/include/OGRE/OgreManualObject.h:109:17:[m[K [01;36m[Knote: [m[Kcandidate: â€˜[01m[KOgre::ManualObject::ManualObject(const String&)[m[Kâ€™
[5.181s]   109 |                 [01;36m[KManualObject[m[K(const String& name);
[5.181s]       |                 [01;36m[K^~~~~~~~~~~~[m[K
[5.181s] [01m[K/usr/include/OGRE/OgreManualObject.h:109:17:[m[K [01;36m[Knote: [m[K  candidate expects 1 argument, 0 provided
[5.181s] [01m[K/usr/include/OGRE/OgreManualObject.h:106:27:[m[K [01;36m[Knote: [m[Kcandidate: â€˜[01m[KOgre::ManualObject::ManualObject(const Ogre::ManualObject&)[m[Kâ€™
[5.182s]   106 |         class _OgreExport [01;36m[KManualObject[m[K : public MovableObject
[5.182s]       |                           [01;36m[K^~~~~~~~~~~~[m[K
[5.182s] [01m[K/usr/include/OGRE/OgreManualObject.h:106:27:[m[K [01;36m[Knote: [m[K  candidate expects 1 argument, 0 provided
[5.182s] [01m[K/mpc/new/Elastic-Tracker/src/planning/DecompROS/decomp_ros_utils/src/objects/mesh_shape.cpp:16:20:[m[K [01;31m[Kerror: [m[Kinvalid use of incomplete type â€˜[01m[Kclass Ogre::SceneManager[m[Kâ€™
[5.182s]    16 |     : scene_manager[01;31m[K->[m[KgetRootSceneNode()->createChildSceneNode();
[5.182s]       |                    [01;31m[K^~[m[K
[5.182s] In file included from [01m[K/usr/include/OGRE/OgreSceneNode.h:31[m[K,
[5.182s]                  from [01m[K/mpc/new/Elastic-Tracker/src/planning/DecompROS/decomp_ros_utils/include/rviz_rendering/objects/mesh_shape.hpp:6[m[K,
[5.182s]                  from [01m[K/mpc/new/Elastic-Tracker/src/planning/DecompROS/decomp_ros_utils/src/objects/mesh_shape.cpp:3[m[K:
[5.182s] [01m[K/usr/include/OGRE/OgrePrerequisites.h:254:11:[m[K [01;36m[Knote: [m[Kforward declaration of â€˜[01m[Kclass Ogre::SceneManager[m[Kâ€™
[5.182s]   254 |     class [01;36m[KSceneManager[m[K;
[5.182s]       |           [01;36m[K^~~~~~~~~~~~[m[K
[5.476s] gmake[2]: *** [CMakeFiles/decomp_rviz_plugins.dir/build.make:160: CMakeFiles/decomp_rviz_plugins.dir/src/objects/mesh_shape.cpp.o] Error 1
[6.502s] In file included from [01m[K/mpc/new/Elastic-Tracker/src/planning/DecompROS/decomp_ros_utils/src/polyhedron_array_display.cpp:1[m[K:
[6.503s] [01m[K/mpc/new/Elastic-Tracker/src/planning/DecompROS/decomp_ros_utils/include/decomp_rviz_plugins/polyhedron_array_display.hpp:14:24:[m[K [01;31m[Kerror: [m[Kusing typedef-name â€˜[01m[KOgre::Vector3[m[Kâ€™ after â€˜[01m[Kclass[m[Kâ€™
[6.503s]    14 | namespace Ogre { class [01;31m[KVector3[m[K; class Quaternion; }
[6.503s]       |                        [01;31m[K^~~~~~~[m[K
[6.503s] In file included from [01m[K/opt/ros/humble/opt/rviz_ogre_vendor/include/OGRE/OgreSceneNode.h:36[m[K,
[6.503s]                  from [01m[K/opt/ros/humble/include/rviz_common/rviz_common/ros_topic_display.hpp:39[m[K,
[6.503s]                  from [01m[K/opt/ros/humble/include/rviz_common/rviz_common/message_filter_display.hpp:38[m[K,
[6.503s]                  from [01m[K/mpc/new/Elastic-Tracker/src/planning/DecompROS/decomp_ros_utils/include/decomp_rviz_plugins/polyhedron_array_display.hpp:7[m[K,
[6.503s]                  from [01m[K/mpc/new/Elastic-Tracker/src/planning/DecompROS/decomp_ros_utils/src/polyhedron_array_display.cpp:1[m[K:
[6.503s] [01m[K/opt/ros/humble/opt/rviz_ogre_vendor/include/OGRE/OgrePrerequisites.h:259:29:[m[K [01;36m[Knote: [m[Kâ€˜[01m[KOgre::Vector3[m[Kâ€™ has a previous declaration here
[6.503s]   259 |     typedef Vector<3, Real> [01;36m[KVector3[m[K;
[6.503s]       |                             [01;36m[K^~~~~~~[m[K
[6.517s] In file included from [01m[K/mpc/new/Elastic-Tracker/src/planning/DecompROS/decomp_ros_utils/src/polyhedron_array_display.cpp:1[m[K:
[6.517s] [01m[K/mpc/new/Elastic-Tracker/src/planning/DecompROS/decomp_ros_utils/include/decomp_rviz_plugins/polyhedron_array_display.hpp:50:19:[m[K [01;31m[Kerror: [m[Kâ€˜[01m[KMeshVisual[m[Kâ€™ was not declared in this scope
[6.517s]    50 |   std::shared_ptr<[01;31m[KMeshVisual[m[K>   visual_mesh_;
[6.517s]       |                   [01;31m[K^~~~~~~~~~[m[K
[6.517s] [01m[K/mpc/new/Elastic-Tracker/src/planning/DecompROS/decomp_ros_utils/include/decomp_rviz_plugins/polyhedron_array_display.hpp:50:29:[m[K [01;31m[Kerror: [m[Ktemplate argument 1 is invalid
[6.517s]    50 |   std::shared_ptr<MeshVisual[01;31m[K>[m[K   visual_mesh_;
[6.517s]       |                             [01;31m[K^[m[K
[6.527s] [01m[K/mpc/new/Elastic-Tracker/src/planning/DecompROS/decomp_ros_utils/include/decomp_rviz_plugins/polyhedron_array_display.hpp:51:19:[m[K [01;31m[Kerror: [m[Kâ€˜[01m[KBoundVisual[m[Kâ€™ was not declared in this scope
[6.527s]    51 |   std::shared_ptr<[01;31m[KBoundVisual[m[K>  visual_bound_;
[6.527s]       |                   [01;31m[K^~~~~~~~~~~[m[K
[6.527s] [01m[K/mpc/new/Elastic-Tracker/src/planning/DecompROS/decomp_ros_utils/include/decomp_rviz_plugins/polyhedron_array_display.hpp:51:30:[m[K [01;31m[Kerror: [m[Ktemplate argument 1 is invalid
[6.527s]    51 |   std::shared_ptr<BoundVisual[01;31m[K>[m[K  visual_bound_;
[6.528s]       |                              [01;31m[K^[m[K
[6.538s] [01m[K/mpc/new/Elastic-Tracker/src/planning/DecompROS/decomp_ros_utils/include/decomp_rviz_plugins/polyhedron_array_display.hpp:52:19:[m[K [01;31m[Kerror: [m[Kâ€˜[01m[KVectorVisual[m[Kâ€™ was not declared in this scope
[6.538s]    52 |   std::shared_ptr<[01;31m[KVectorVisual[m[K> visual_vector_;
[6.538s]       |                   [01;31m[K^~~~~~~~~~~~[m[K
[6.538s] [01m[K/mpc/new/Elastic-Tracker/src/planning/DecompROS/decomp_ros_utils/include/decomp_rviz_plugins/polyhedron_array_display.hpp:52:31:[m[K [01;31m[Kerror: [m[Ktemplate argument 1 is invalid
[6.538s]    52 |   std::shared_ptr<VectorVisual[01;31m[K>[m[K visual_vector_;
[6.538s]       |                               [01;31m[K^[m[K
[6.540s] [01m[K/mpc/new/Elastic-Tracker/src/planning/DecompROS/decomp_ros_utils/include/decomp_rviz_plugins/polyhedron_array_display.hpp:68:3:[m[K [01;31m[Kerror: [m[Kâ€˜[01m[Kvec_E[m[Kâ€™ does not name a type
[6.540s]    68 |   [01;31m[Kvec_E[m[K<vec_Vec3f> vertices_;
[6.540s]       |   [01;31m[K^~~~~[m[K
[6.542s] [01m[K/mpc/new/Elastic-Tracker/src/planning/DecompROS/decomp_ros_utils/include/decomp_rviz_plugins/polyhedron_array_display.hpp:69:3:[m[K [01;31m[Kerror: [m[Kâ€˜[01m[Kvec_E[m[Kâ€™ does not name a type
[6.542s]    69 |   [01;31m[Kvec_E[m[K<std::pair<Vec3f, Vec3f>> vs_;
[6.542s]       |   [01;31m[K^~~~~[m[K
[7.092s] In file included from [01m[K/mpc/new/Elastic-Tracker/src/planning/DecompROS/decomp_ros_utils/src/polyhedron_array_display.cpp:2[m[K:
[7.093s] [01m[K/mpc/new/Elastic-Tracker/src/planning/DecompROS/decomp_ros_utils/include/decomp_rviz_plugins/mesh_visual.hpp:38:35:[m[K [01;31m[Kerror: [m[Kâ€˜[01m[KMeshShape[m[Kâ€™ is not a member of â€˜[01m[Krviz_rendering[m[Kâ€™; did you mean â€˜[01m[Krviz_rendering::objects::MeshShape[m[Kâ€™?
[7.093s]    38 |   std::unique_ptr<rviz_rendering::[01;31m[KMeshShape[m[K> obj_;
[7.093s]       |                                   [01;31m[K^~~~~~~~~[m[K
[7.093s] In file included from [01m[K/mpc/new/Elastic-Tracker/src/planning/DecompROS/decomp_ros_utils/include/decomp_rviz_plugins/mesh_visual.hpp:10[m[K,
[7.093s]                  from [01m[K/mpc/new/Elastic-Tracker/src/planning/DecompROS/decomp_ros_utils/src/polyhedron_array_display.cpp:2[m[K:
[7.093s] [01m[K/mpc/new/Elastic-Tracker/src/planning/DecompROS/decomp_ros_utils/include/rviz_rendering/objects/mesh_shape.hpp:16:7:[m[K [01;36m[Knote: [m[Kâ€˜[01m[Krviz_rendering::objects::MeshShape[m[Kâ€™ declared here
[7.093s]    16 | class [01;36m[KMeshShape[m[K
[7.093s]       |       [01;36m[K^~~~~~~~~[m[K
[7.093s] In file included from [01m[K/mpc/new/Elastic-Tracker/src/planning/DecompROS/decomp_ros_utils/src/polyhedron_array_display.cpp:2[m[K:
[7.094s] [01m[K/mpc/new/Elastic-Tracker/src/planning/DecompROS/decomp_ros_utils/include/decomp_rviz_plugins/mesh_visual.hpp:38:44:[m[K [01;31m[Kerror: [m[Ktemplate argument 1 is invalid
[7.094s]    38 |   std::unique_ptr<rviz_rendering::MeshShape[01;31m[K>[m[K obj_;
[7.094s]       |                                            [01;31m[K^[m[K
[7.094s] [01m[K/mpc/new/Elastic-Tracker/src/planning/DecompROS/decomp_ros_utils/include/decomp_rviz_plugins/mesh_visual.hpp:38:44:[m[K [01;31m[Kerror: [m[Ktemplate argument 2 is invalid
[7.116s] In file included from [01m[K/mpc/new/Elastic-Tracker/src/planning/DecompROS/decomp_ros_utils/src/polyhedron_array_display.cpp:4[m[K:
[7.116s] [01m[K/mpc/new/Elastic-Tracker/src/planning/DecompROS/decomp_ros_utils/include/decomp_rviz_plugins/vector_visual.hpp:14:7:[m[K [01;31m[Kerror: [m[Kconflicting declaration â€˜[01m[Kusing Vec3f = Eigen::Vector3f[m[Kâ€™
[7.116s]    14 | using [01;31m[KVec3f[m[K = Eigen::Vector3f;
[7.116s]       |       [01;31m[K^~~~~[m[K
[7.117s] In file included from [01m[K/mpc/new/Elastic-Tracker/install/decomp_geometry/include/decomp_geometry/polyhedron.h:9[m[K,
[7.117s]                  from [01m[K/mpc/new/Elastic-Tracker/src/planning/DecompROS/decomp_ros_utils/include/decomp_rviz_plugins/mesh_visual.hpp:12[m[K,
[7.117s]                  from [01m[K/mpc/new/Elastic-Tracker/src/planning/DecompROS/decomp_ros_utils/src/polyhedron_array_display.cpp:2[m[K:
[7.117s] [01m[K/mpc/new/Elastic-Tracker/install/decomp_basis/include/decomp_basis/data_type.h:79:17:[m[K [01;36m[Knote: [m[Kprevious declaration as â€˜[01m[Ktypedef Vecf<3> Vec3f[m[Kâ€™
[7.117s]    79 | typedef Vecf<3> [01;36m[KVec3f[m[K;
[7.117s]       |                 [01;36m[K^~~~~[m[K
[7.122s] In file included from [01m[K/mpc/new/Elastic-Tracker/src/planning/DecompROS/decomp_ros_utils/src/polyhedron_array_display.cpp:5[m[K:
[7.122s] [01m[K/mpc/new/Elastic-Tracker/src/planning/DecompROS/decomp_ros_utils/include/rviz_common/frame_manager.hpp:2:1:[m[K [01;31m[Kerror: [m[Kâ€˜[01m[Kcat[m[Kâ€™ does not name a type
[7.122s]     2 | [01;31m[Kcat[m[K << 'EOF' > include/rviz_common/frame_manager.hpp
[7.122s]       | [01;31m[K^~~[m[K
[7.122s] In file included from [01m[K/usr/include/c++/11/cstdio:42[m[K,
[7.122s]                  from [01m[K/usr/include/c++/11/ext/string_conversions.h:43[m[K,
[7.122s]                  from [01m[K/usr/include/c++/11/bits/basic_string.h:6608[m[K,
[7.122s]                  from [01m[K/usr/include/c++/11/string:55[m[K,
[7.123s]                  from [01m[K/usr/include/c++/11/stdexcept:39[m[K,
[7.123s]                  from [01m[K/opt/ros/humble/include/message_filters/message_filters/subscriber.h:38[m[K,
[7.123s]                  from [01m[K/opt/ros/humble/include/rviz_common/rviz_common/message_filter_display.hpp:33[m[K,
[7.123s]                  from [01m[K/mpc/new/Elastic-Tracker/src/planning/DecompROS/decomp_ros_utils/include/decomp_rviz_plugins/polyhedron_array_display.hpp:7[m[K,
[7.123s]                  from [01m[K/mpc/new/Elastic-Tracker/src/planning/DecompROS/decomp_ros_utils/src/polyhedron_array_display.cpp:1[m[K:
[7.123s] [01m[K/mpc/new/Elastic-Tracker/src/planning/DecompROS/decomp_ros_utils/include/rviz_common/frame_manager.hpp:38:1:[m[K [01;31m[Kerror: [m[Kexpected unqualified-id before â€˜[01m[K-[m[Kâ€™ token
[7.123s]    38 | [01;31m[KEOF[m[K
[7.123s]       | [01;31m[K^~~[m[K
[7.123s] [01m[K/mpc/new/Elastic-Tracker/src/planning/DecompROS/decomp_ros_utils/include/rviz_common/frame_manager.hpp:38:1:[m[K [01;31m[Kerror: [m[Kexpected â€˜[01m[K)[m[Kâ€™ before â€˜[01m[K-[m[Kâ€™ token
[7.123s]    38 | [01;31m[KEOF[m[K
[7.123s]       | [01;31m[K^~~[m[K
[7.196s] [01m[K/mpc/new/Elastic-Tracker/src/planning/DecompROS/decomp_ros_utils/include/rviz_common/frame_manager.hpp:2:1:[m[K [01;31m[Kerror: [m[Kâ€˜[01m[Kcat[m[Kâ€™ does not name a type
[7.196s]     2 | [01;31m[Kcat[m[K << 'EOF' > include/rviz_common/frame_manager.hpp
[7.197s]       | [01;31m[K^~~[m[K
[7.197s] In file included from [01m[K/usr/include/c++/11/cstdio:42[m[K,
[7.197s]                  from [01m[K/usr/include/c++/11/ext/string_conversions.h:43[m[K,
[7.197s]                  from [01m[K/usr/include/c++/11/bits/basic_string.h:6608[m[K,
[7.197s]                  from [01m[K/usr/include/c++/11/string:55[m[K,
[7.197s]                  from [01m[K/usr/include/c++/11/stdexcept:39[m[K,
[7.197s]                  from [01m[K/opt/ros/humble/include/message_filters/message_filters/subscriber.h:38[m[K,
[7.197s]                  from [01m[K/opt/ros/humble/include/rviz_common/rviz_common/message_filter_display.hpp:33[m[K,
[7.197s]                  from [01m[K/mpc/new/Elastic-Tracker/src/planning/DecompROS/decomp_ros_utils/include/decomp_rviz_plugins/ellipsoid_array_display.hpp:6[m[K,
[7.197s]                  from [01m[K/mpc/new/Elastic-Tracker/src/planning/DecompROS/decomp_ros_utils/src/ellipsoid_array_display.cpp:1[m[K:
[7.197s] [01m[K/mpc/new/Elastic-Tracker/src/planning/DecompROS/decomp_ros_utils/include/rviz_common/frame_manager.hpp:38:1:[m[K [01;31m[Kerror: [m[Kexpected unqualified-id before â€˜[01m[K-[m[Kâ€™ token
[7.197s]    38 | [01;31m[KEOF[m[K
[7.197s]       | [01;31m[K^~~[m[K
[7.197s] [01m[K/mpc/new/Elastic-Tracker/src/planning/DecompROS/decomp_ros_utils/include/rviz_common/frame_manager.hpp:38:1:[m[K [01;31m[Kerror: [m[Kexpected â€˜[01m[K)[m[Kâ€™ before â€˜[01m[K-[m[Kâ€™ token
[7.197s]    38 | [01;31m[KEOF[m[K
[7.197s]       | [01;31m[K^~~[m[K
[7.960s] gmake[2]: *** [CMakeFiles/decomp_rviz_plugins.dir/build.make:146: CMakeFiles/decomp_rviz_plugins.dir/src/polyhedron_array_display.cpp.o] Error 1
[7.960s] gmake[2]: *** [CMakeFiles/decomp_rviz_plugins.dir/build.make:132: CMakeFiles/decomp_rviz_plugins.dir/src/ellipsoid_array_display.cpp.o] Error 1
[7.960s] gmake[1]: *** [CMakeFiles/Makefile2:137: CMakeFiles/decomp_rviz_plugins.dir/all] Error 2
[7.961s] gmake: *** [Makefile:146: all] Error 2
[7.966s] Invoked command in '/mpc/new/Elastic-Tracker/build/decomp_ros_utils' returned '2': CMAKE_PREFIX_PATH=/mpc/new/Elastic-Tracker/install/decomp_ros_msgs:/mpc/new/Elastic-Tracker/install/target_ekf:/mpc/new/Elastic-Tracker/install/mapping:/mpc/new/Elastic-Tracker/install/quadrotor_msgs:/mpc/new/Elastic-Tracker/install/object_detection_msgs:/mpc/new/Elastic-Tracker/install/decomp_geometry:/mpc/new/Elastic-Tracker/install/decomp_basis:/opt/ros/humble LD_LIBRARY_PATH=/mpc/new/Elastic-Tracker/install/decomp_ros_msgs/lib:/mpc/new/Elastic-Tracker/install/mapping/lib:/mpc/new/Elastic-Tracker/install/quadrotor_msgs/lib:/mpc/new/Elastic-Tracker/install/object_detection_msgs/lib:/opt/ros/humble/opt/rviz_ogre_vendor/lib:/opt/ros/humble/lib/x86_64-linux-gnu:/opt/ros/humble/lib:/usr/lib:/new/px4-offboard_ws/src/acados/lib:/mpc/new/acados/lib /usr/bin/cmake --build /mpc/new/Elastic-Tracker/build/decomp_ros_utils -- -j12 -l12
