In file included from [01m[K/mpc/new/Elastic-Tracker/build/decomp_ros_msgs/rosidl_generator_c/decomp_ros_msgs/msg/detail/polyhedron_array__functions.h:19[m[K,
                 from [01m[K/mpc/new/Elastic-Tracker/build/decomp_ros_msgs/rosidl_generator_c/decomp_ros_msgs/msg/detail/polyhedron_array__functions.c:4[m[K:
[01m[K/mpc/new/Elastic-Tracker/build/decomp_ros_msgs/rosidl_generator_c/decomp_ros_msgs/msg/detail/polyhedron_array__struct.h:24:10:[m[K [01;31m[Kfatal error: [m[Kdecomp_ros_msgs/msg/detail/poly_hedron__struct.h: No such file or directory
   24 | #include [01;31m[K"decomp_ros_msgs/msg/detail/poly_hedron__struct.h"[m[K
      |          [01;31m[K^~~~~~~~~~~~~~~~~~~~~~~~~~~~~~~~~~~~~~~~~~~~~~~~~~[m[K
compilation terminated.
gmake[2]: *** [CMakeFiles/decomp_ros_msgs__rosidl_generator_c.dir/build.make:257: CMakeFiles/decomp_ros_msgs__rosidl_generator_c.dir/rosidl_generator_c/decomp_ros_msgs/msg/detail/polyhedron_array__functions.c.o] Error 1
gmake[2]: *** Waiting for unfinished jobs....
gmake[1]: *** [CMakeFiles/Makefile2:213: CMakeFiles/decomp_ros_msgs__rosidl_generator_c.dir/all] Error 2
gmake[1]: *** Waiting for unfinished jobs....
In file included from [01m[K/mpc/new/Elastic-Tracker/build/decomp_ros_msgs/rosidl_typesupport_cpp/decomp_ros_msgs/msg/polyhedron_array__type_support.cpp:7[m[K:
[01m[K/mpc/new/Elastic-Tracker/build/decomp_ros_msgs/rosidl_generator_cpp/decomp_ros_msgs/msg/detail/polyhedron_array__struct.hpp:22:10:[m[K [01;31m[Kfatal error: [m[Kdecomp_ros_msgs/msg/detail/poly_hedron__struct.hpp: No such file or directory
   22 | #include [01;31m[K"decomp_ros_msgs/msg/detail/poly_hedron__struct.hpp"[m[K
      |          [01;31m[K^~~~~~~~~~~~~~~~~~~~~~~~~~~~~~~~~~~~~~~~~~~~~~~~~~~~[m[K
compilation terminated.
gmake[2]: *** [CMakeFiles/decomp_ros_msgs__rosidl_typesupport_cpp.dir/build.make:202: CMakeFiles/decomp_ros_msgs__rosidl_typesupport_cpp.dir/rosidl_typesupport_cpp/decomp_ros_msgs/msg/polyhedron_array__type_support.cpp.o] Error 1
gmake[2]: *** Waiting for unfinished jobs....
In file included from [01m[K/mpc/new/Elastic-Tracker/build/decomp_ros_msgs/rosidl_typesupport_introspection_cpp/decomp_ros_msgs/msg/detail/polyhedron_array__type_support.cpp:12[m[K:
[01m[K/mpc/new/Elastic-Tracker/build/decomp_ros_msgs/rosidl_generator_cpp/decomp_ros_msgs/msg/detail/polyhedron_array__struct.hpp:22:10:[m[K [01;31m[Kfatal error: [m[Kdecomp_ros_msgs/msg/detail/poly_hedron__struct.hpp: No such file or directory
   22 | #include [01;31m[K"decomp_ros_msgs/msg/detail/poly_hedron__struct.hpp"[m[K
      |          [01;31m[K^~~~~~~~~~~~~~~~~~~~~~~~~~~~~~~~~~~~~~~~~~~~~~~~~~~~[m[K
compilation terminated.
gmake[2]: *** [CMakeFiles/decomp_ros_msgs__rosidl_typesupport_introspection_cpp.dir/build.make:216: CMakeFiles/decomp_ros_msgs__rosidl_typesupport_introspection_cpp.dir/rosidl_typesupport_introspection_cpp/decomp_ros_msgs/msg/detail/polyhedron_array__type_support.cpp.o] Error 1
gmake[2]: *** Waiting for unfinished jobs....
In file included from [01m[K/mpc/new/Elastic-Tracker/build/decomp_ros_msgs/rosidl_typesupport_fastrtps_cpp/decomp_ros_msgs/msg/detail/polyhedron_array__rosidl_typesupport_fastrtps_cpp.hpp:11[m[K,
                 from [01m[K/mpc/new/Elastic-Tracker/build/decomp_ros_msgs/rosidl_typesupport_fastrtps_cpp/decomp_ros_msgs/msg/detail/dds_fastrtps/polyhedron_array__type_support.cpp:4[m[K:
[01m[K/mpc/new/Elastic-Tracker/build/decomp_ros_msgs/rosidl_generator_cpp/decomp_ros_msgs/msg/detail/polyhedron_array__struct.hpp:22:10:[m[K [01;31m[Kfatal error: [m[Kdecomp_ros_msgs/msg/detail/poly_hedron__struct.hpp: No such file or directory
   22 | #include [01;31m[K"decomp_ros_msgs/msg/detail/poly_hedron__struct.hpp"[m[K
      |          [01;31m[K^~~~~~~~~~~~~~~~~~~~~~~~~~~~~~~~~~~~~~~~~~~~~~~~~~~~[m[K
compilation terminated.
gmake[2]: *** [CMakeFiles/decomp_ros_msgs__rosidl_typesupport_fastrtps_cpp.dir/build.make:216: CMakeFiles/decomp_ros_msgs__rosidl_typesupport_fastrtps_cpp.dir/rosidl_typesupport_fastrtps_cpp/decomp_ros_msgs/msg/detail/dds_fastrtps/polyhedron_array__type_support.cpp.o] Error 1
gmake[2]: *** Waiting for unfinished jobs....
gmake[1]: *** [CMakeFiles/Makefile2:395: CMakeFiles/decomp_ros_msgs__rosidl_typesupport_cpp.dir/all] Error 2
gmake[1]: *** [CMakeFiles/Makefile2:369: CMakeFiles/decomp_ros_msgs__rosidl_typesupport_introspection_cpp.dir/all] Error 2
gmake[1]: *** [CMakeFiles/Makefile2:343: CMakeFiles/decomp_ros_msgs__rosidl_typesupport_fastrtps_cpp.dir/all] Error 2
gmake: *** [Makefile:146: all] Error 2
