[0.009s] Invoking command in '/mpc/new/Elastic-Tracker/build/decomp_ros_msgs': CMAKE_PREFIX_PATH=/opt/ros/humble /usr/bin/cmake /mpc/new/Elastic-Tracker/src/planning/DecompROS/decomp_ros_msgs -DCMAKE_INSTALL_PREFIX=/mpc/new/Elastic-Tracker/install/decomp_ros_msgs
[0.054s] -- The C compiler identification is GNU 11.4.0
[0.098s] -- The CXX compiler identification is GNU 11.4.0
[0.104s] -- Detecting C compiler ABI info
[0.161s] -- Detecting C compiler ABI info - done
[0.168s] -- Check for working C compiler: /usr/bin/cc - skipped
[0.169s] -- Detecting C compile features
[0.169s] -- Detecting C compile features - done
[0.172s] -- Detecting CXX compiler ABI info
[0.241s] -- Detecting CXX compiler ABI info - done
[0.249s] -- Check for working CXX compiler: /usr/bin/c++ - skipped
[0.250s] -- Detecting CXX compile features
[0.250s] -- Detecting CXX compile features - done
[0.253s] -- Found ament_cmake: 1.3.11 (/opt/ros/humble/share/ament_cmake/cmake)
[0.427s] -- Found Python3: /usr/bin/python3 (found version "3.10.12") found components: Interpreter 
[0.527s] -- Found rosidl_default_generators: 1.2.0 (/opt/ros/humble/share/rosidl_default_generators/cmake)
[0.531s] -- Using all available rosidl_typesupport_c: rosidl_typesupport_fastrtps_c;rosidl_typesupport_introspection_c
[0.539s] -- Found rosidl_adapter: 3.1.6 (/opt/ros/humble/share/rosidl_adapter/cmake)
[0.583s] -- Using all available rosidl_typesupport_cpp: rosidl_typesupport_fastrtps_cpp;rosidl_typesupport_introspection_cpp
[0.620s] -- Found std_msgs: 4.2.4 (/opt/ros/humble/share/std_msgs/cmake)
[0.648s] -- Found geometry_msgs: 4.2.4 (/opt/ros/humble/share/geometry_msgs/cmake)
[0.957s] -- Found ament_cmake_ros: 0.10.0 (/opt/ros/humble/share/ament_cmake_ros/cmake)
[1.202s] -- Using all available rosidl_typesupport_c: rosidl_typesupport_fastrtps_c;rosidl_typesupport_introspection_c
[1.516s] -- Using all available rosidl_typesupport_cpp: rosidl_typesupport_fastrtps_cpp;rosidl_typesupport_introspection_cpp
[1.541s] -- Found PythonInterp: /usr/bin/python3 (found suitable version "3.10.12", minimum required is "3.6") 
[1.543s] -- Found python_cmake_module: 0.10.0 (/opt/ros/humble/share/python_cmake_module/cmake)
[1.570s] -- Found PythonLibs: /usr/lib/x86_64-linux-gnu/libpython3.10.so (found suitable version "3.10.12", minimum required is "3.5") 
[1.570s] -- Using PYTHON_EXECUTABLE: /usr/bin/python3
[1.571s] -- Using PYTHON_INCLUDE_DIRS: /usr/include/python3.10
[1.571s] -- Using PYTHON_LIBRARIES: /usr/lib/x86_64-linux-gnu/libpython3.10.so
[1.594s] -- Found PythonExtra: .so  
[1.657s] -- Configuring done
[1.692s] -- Generating done
[1.704s] -- Build files have been written to: /mpc/new/Elastic-Tracker/build/decomp_ros_msgs
[1.710s] Invoked command in '/mpc/new/Elastic-Tracker/build/decomp_ros_msgs' returned '0': CMAKE_PREFIX_PATH=/opt/ros/humble /usr/bin/cmake /mpc/new/Elastic-Tracker/src/planning/DecompROS/decomp_ros_msgs -DCMAKE_INSTALL_PREFIX=/mpc/new/Elastic-Tracker/install/decomp_ros_msgs
[1.712s] Invoking command in '/mpc/new/Elastic-Tracker/build/decomp_ros_msgs': CMAKE_PREFIX_PATH=/opt/ros/humble /usr/bin/cmake --build /mpc/new/Elastic-Tracker/build/decomp_ros_msgs -- -j12 -l12
[1.746s] [  1%] [34m[1mGenerating C code for ROS interfaces[0m
[1.753s] [  3%] [34m[1mGenerating C++ code for ROS interfaces[0m
[1.759s] [  3%] Built target ament_cmake_python_copy_decomp_ros_msgs
[2.016s] running egg_info
[2.016s] creating decomp_ros_msgs.egg-info
[2.017s] writing decomp_ros_msgs.egg-info/PKG-INFO
[2.017s] writing dependency_links to decomp_ros_msgs.egg-info/dependency_links.txt
[2.017s] writing top-level names to decomp_ros_msgs.egg-info/top_level.txt
[2.017s] writing manifest file 'decomp_ros_msgs.egg-info/SOURCES.txt'
[2.019s] reading manifest file 'decomp_ros_msgs.egg-info/SOURCES.txt'
[2.019s] writing manifest file 'decomp_ros_msgs.egg-info/SOURCES.txt'
[2.042s] [  3%] Built target ament_cmake_python_build_decomp_ros_msgs_egg
[2.138s] [  7%] [32mBuilding C object CMakeFiles/decomp_ros_msgs__rosidl_generator_c.dir/rosidl_generator_c/decomp_ros_msgs/msg/detail/ellipsoid__functions.c.o[0m
[2.138s] [  9%] [32mBuilding C object CMakeFiles/decomp_ros_msgs__rosidl_generator_c.dir/rosidl_generator_c/decomp_ros_msgs/msg/detail/polyhedron_array__functions.c.o[0m
[2.138s] [ 10%] [32mBuilding C object CMakeFiles/decomp_ros_msgs__rosidl_generator_c.dir/rosidl_generator_c/decomp_ros_msgs/msg/detail/polyhedron__functions.c.o[0m
[2.138s] [ 10%] [32mBuilding C object CMakeFiles/decomp_ros_msgs__rosidl_generator_c.dir/rosidl_generator_c/decomp_ros_msgs/msg/detail/ellipsoid_array__functions.c.o[0m
[2.156s] In file included from [01m[K/mpc/new/Elastic-Tracker/build/decomp_ros_msgs/rosidl_generator_c/decomp_ros_msgs/msg/detail/polyhedron_array__functions.h:19[m[K,
[2.156s]                  from [01m[K/mpc/new/Elastic-Tracker/build/decomp_ros_msgs/rosidl_generator_c/decomp_ros_msgs/msg/detail/polyhedron_array__functions.c:4[m[K:
[2.156s] [01m[K/mpc/new/Elastic-Tracker/build/decomp_ros_msgs/rosidl_generator_c/decomp_ros_msgs/msg/detail/polyhedron_array__struct.h:24:10:[m[K [01;31m[Kfatal error: [m[Kdecomp_ros_msgs/msg/detail/poly_hedron__struct.h: No such file or directory
[2.156s]    24 | #include [01;31m[K"decomp_ros_msgs/msg/detail/poly_hedron__struct.h"[m[K
[2.156s]       |          [01;31m[K^~~~~~~~~~~~~~~~~~~~~~~~~~~~~~~~~~~~~~~~~~~~~~~~~~[m[K
[2.156s] compilation terminated.
[2.160s] [ 10%] Built target decomp_ros_msgs__cpp
[2.164s] gmake[2]: *** [CMakeFiles/decomp_ros_msgs__rosidl_generator_c.dir/build.make:257: CMakeFiles/decomp_ros_msgs__rosidl_generator_c.dir/rosidl_generator_c/decomp_ros_msgs/msg/detail/polyhedron_array__functions.c.o] Error 1
[2.164s] gmake[2]: *** Waiting for unfinished jobs....
[2.168s] [ 14%] [34m[1mGenerating C++ introspection for ROS interfaces[0m
[2.168s] [ 14%] [34m[1mGenerating C++ type support dispatch for ROS interfaces[0m
[2.168s] [ 16%] [34m[1mGenerating C++ type support for eProsima Fast-RTPS[0m
[2.189s] gmake[1]: *** [CMakeFiles/Makefile2:213: CMakeFiles/decomp_ros_msgs__rosidl_generator_c.dir/all] Error 2
[2.189s] gmake[1]: *** Waiting for unfinished jobs....
[2.444s] [ 20%] [32mBuilding CXX object CMakeFiles/decomp_ros_msgs__rosidl_typesupport_cpp.dir/rosidl_typesupport_cpp/decomp_ros_msgs/msg/ellipsoid_array__type_support.cpp.o[0m
[2.444s] [ 20%] [32mBuilding CXX object CMakeFiles/decomp_ros_msgs__rosidl_typesupport_cpp.dir/rosidl_typesupport_cpp/decomp_ros_msgs/msg/polyhedron_array__type_support.cpp.o[0m
[2.445s] [ 21%] [32mBuilding CXX object CMakeFiles/decomp_ros_msgs__rosidl_typesupport_cpp.dir/rosidl_typesupport_cpp/decomp_ros_msgs/msg/ellipsoid__type_support.cpp.o[0m
[2.446s] [ 23%] [32mBuilding CXX object CMakeFiles/decomp_ros_msgs__rosidl_typesupport_cpp.dir/rosidl_typesupport_cpp/decomp_ros_msgs/msg/polyhedron__type_support.cpp.o[0m
[2.506s] [ 29%] [32mBuilding CXX object CMakeFiles/decomp_ros_msgs__rosidl_typesupport_introspection_cpp.dir/rosidl_typesupport_introspection_cpp/decomp_ros_msgs/msg/detail/ellipsoid_array__type_support.cpp.o[0m
[2.506s] [ 29%] [32mBuilding CXX object CMakeFiles/decomp_ros_msgs__rosidl_typesupport_introspection_cpp.dir/rosidl_typesupport_introspection_cpp/decomp_ros_msgs/msg/detail/polyhedron__type_support.cpp.o[0m
[2.506s] [ 29%] [32mBuilding CXX object CMakeFiles/decomp_ros_msgs__rosidl_typesupport_introspection_cpp.dir/rosidl_typesupport_introspection_cpp/decomp_ros_msgs/msg/detail/ellipsoid__type_support.cpp.o[0m
[2.506s] [ 30%] [32mBuilding CXX object CMakeFiles/decomp_ros_msgs__rosidl_typesupport_introspection_cpp.dir/rosidl_typesupport_introspection_cpp/decomp_ros_msgs/msg/detail/polyhedron_array__type_support.cpp.o[0m
[2.526s] In file included from [01m[K/mpc/new/Elastic-Tracker/build/decomp_ros_msgs/rosidl_typesupport_cpp/decomp_ros_msgs/msg/polyhedron_array__type_support.cpp:7[m[K:
[2.526s] [01m[K/mpc/new/Elastic-Tracker/build/decomp_ros_msgs/rosidl_generator_cpp/decomp_ros_msgs/msg/detail/polyhedron_array__struct.hpp:22:10:[m[K [01;31m[Kfatal error: [m[Kdecomp_ros_msgs/msg/detail/poly_hedron__struct.hpp: No such file or directory
[2.526s]    22 | #include [01;31m[K"decomp_ros_msgs/msg/detail/poly_hedron__struct.hpp"[m[K
[2.526s]       |          [01;31m[K^~~~~~~~~~~~~~~~~~~~~~~~~~~~~~~~~~~~~~~~~~~~~~~~~~~~[m[K
[2.526s] compilation terminated.
[2.536s] gmake[2]: *** [CMakeFiles/decomp_ros_msgs__rosidl_typesupport_cpp.dir/build.make:202: CMakeFiles/decomp_ros_msgs__rosidl_typesupport_cpp.dir/rosidl_typesupport_cpp/decomp_ros_msgs/msg/polyhedron_array__type_support.cpp.o] Error 1
[2.536s] gmake[2]: *** Waiting for unfinished jobs....
[2.577s] [ 34%] [32mBuilding CXX object CMakeFiles/decomp_ros_msgs__rosidl_typesupport_fastrtps_cpp.dir/rosidl_typesupport_fastrtps_cpp/decomp_ros_msgs/msg/detail/dds_fastrtps/polyhedron__type_support.cpp.o[0m
[2.578s] [ 34%] [32mBuilding CXX object CMakeFiles/decomp_ros_msgs__rosidl_typesupport_fastrtps_cpp.dir/rosidl_typesupport_fastrtps_cpp/decomp_ros_msgs/msg/detail/dds_fastrtps/ellipsoid_array__type_support.cpp.o[0m
[2.578s] [ 36%] [32mBuilding CXX object CMakeFiles/decomp_ros_msgs__rosidl_typesupport_fastrtps_cpp.dir/rosidl_typesupport_fastrtps_cpp/decomp_ros_msgs/msg/detail/dds_fastrtps/ellipsoid__type_support.cpp.o[0m
[2.584s] [ 38%] [32mBuilding CXX object CMakeFiles/decomp_ros_msgs__rosidl_typesupport_fastrtps_cpp.dir/rosidl_typesupport_fastrtps_cpp/decomp_ros_msgs/msg/detail/dds_fastrtps/polyhedron_array__type_support.cpp.o[0m
[2.606s] In file included from [01m[K/mpc/new/Elastic-Tracker/build/decomp_ros_msgs/rosidl_typesupport_introspection_cpp/decomp_ros_msgs/msg/detail/polyhedron_array__type_support.cpp:12[m[K:
[2.606s] [01m[K/mpc/new/Elastic-Tracker/build/decomp_ros_msgs/rosidl_generator_cpp/decomp_ros_msgs/msg/detail/polyhedron_array__struct.hpp:22:10:[m[K [01;31m[Kfatal error: [m[Kdecomp_ros_msgs/msg/detail/poly_hedron__struct.hpp: No such file or directory
[2.606s]    22 | #include [01;31m[K"decomp_ros_msgs/msg/detail/poly_hedron__struct.hpp"[m[K
[2.606s]       |          [01;31m[K^~~~~~~~~~~~~~~~~~~~~~~~~~~~~~~~~~~~~~~~~~~~~~~~~~~~[m[K
[2.606s] compilation terminated.
[2.608s] gmake[2]: *** [CMakeFiles/decomp_ros_msgs__rosidl_typesupport_introspection_cpp.dir/build.make:216: CMakeFiles/decomp_ros_msgs__rosidl_typesupport_introspection_cpp.dir/rosidl_typesupport_introspection_cpp/decomp_ros_msgs/msg/detail/polyhedron_array__type_support.cpp.o] Error 1
[2.609s] gmake[2]: *** Waiting for unfinished jobs....
[2.659s] In file included from [01m[K/mpc/new/Elastic-Tracker/build/decomp_ros_msgs/rosidl_typesupport_fastrtps_cpp/decomp_ros_msgs/msg/detail/polyhedron_array__rosidl_typesupport_fastrtps_cpp.hpp:11[m[K,
[2.659s]                  from [01m[K/mpc/new/Elastic-Tracker/build/decomp_ros_msgs/rosidl_typesupport_fastrtps_cpp/decomp_ros_msgs/msg/detail/dds_fastrtps/polyhedron_array__type_support.cpp:4[m[K:
[2.659s] [01m[K/mpc/new/Elastic-Tracker/build/decomp_ros_msgs/rosidl_generator_cpp/decomp_ros_msgs/msg/detail/polyhedron_array__struct.hpp:22:10:[m[K [01;31m[Kfatal error: [m[Kdecomp_ros_msgs/msg/detail/poly_hedron__struct.hpp: No such file or directory
[2.659s]    22 | #include [01;31m[K"decomp_ros_msgs/msg/detail/poly_hedron__struct.hpp"[m[K
[2.660s]       |          [01;31m[K^~~~~~~~~~~~~~~~~~~~~~~~~~~~~~~~~~~~~~~~~~~~~~~~~~~~[m[K
[2.660s] compilation terminated.
[2.662s] gmake[2]: *** [CMakeFiles/decomp_ros_msgs__rosidl_typesupport_fastrtps_cpp.dir/build.make:216: CMakeFiles/decomp_ros_msgs__rosidl_typesupport_fastrtps_cpp.dir/rosidl_typesupport_fastrtps_cpp/decomp_ros_msgs/msg/detail/dds_fastrtps/polyhedron_array__type_support.cpp.o] Error 1
[2.662s] gmake[2]: *** Waiting for unfinished jobs....
[2.808s] gmake[1]: *** [CMakeFiles/Makefile2:395: CMakeFiles/decomp_ros_msgs__rosidl_typesupport_cpp.dir/all] Error 2
[3.093s] gmake[1]: *** [CMakeFiles/Makefile2:369: CMakeFiles/decomp_ros_msgs__rosidl_typesupport_introspection_cpp.dir/all] Error 2
[3.129s] gmake[1]: *** [CMakeFiles/Makefile2:343: CMakeFiles/decomp_ros_msgs__rosidl_typesupport_fastrtps_cpp.dir/all] Error 2
[3.129s] gmake: *** [Makefile:146: all] Error 2
[3.131s] Invoked command in '/mpc/new/Elastic-Tracker/build/decomp_ros_msgs' returned '2': CMAKE_PREFIX_PATH=/opt/ros/humble /usr/bin/cmake --build /mpc/new/Elastic-Tracker/build/decomp_ros_msgs -- -j12 -l12
