[0.018s] Invoking command in '/mpc/new/Elastic-Tracker/build/decomp_ros_utils': AMENT_PREFIX_PATH=/mpc/new/Elastic-Tracker/install/decomp_ros_msgs:${AMENT_PREFIX_PATH} CMAKE_PREFIX_PATH=/mpc/new/Elastic-Tracker/install/decomp_ros_msgs:/opt/ros/humble LD_LIBRARY_PATH=/mpc/new/Elastic-Tracker/install/decomp_ros_msgs/lib:${LD_LIBRARY_PATH} PYTHONPATH=/mpc/new/Elastic-Tracker/install/decomp_ros_msgs/local/lib/python3.10/dist-packages:${PYTHONPATH} /usr/bin/cmake --build /mpc/new/Elastic-Tracker/build/decomp_ros_utils -- -j12 -l12
[0.158s] [ 28%] [32mBuilding CXX object CMakeFiles/decomp_rviz_plugins.dir/src/mesh_visual.cpp.o[0m
[0.158s] [ 28%] [32mBuilding CXX object CMakeFiles/decomp_rviz_plugins.dir/src/polyhedron_array_display.cpp.o[0m
[0.159s] [ 42%] [32mBuilding CXX object CMakeFiles/decomp_rviz_plugins.dir/src/bound_visual.cpp.o[0m
[0.159s] [ 57%] [32mBuilding CXX object CMakeFiles/decomp_rviz_plugins.dir/src/vector_visual.cpp.o[0m
[0.159s] [ 71%] [32mBuilding CXX object CMakeFiles/decomp_rviz_plugins.dir/src/ellipsoid_array_visual.cpp.o[0m
[0.160s] [ 85%] [32mBuilding CXX object CMakeFiles/decomp_rviz_plugins.dir/src/ellipsoid_array_display.cpp.o[0m
[0.229s] [01m[K/mpc/new/Elastic-Tracker/src/planning/DecompROS/decomp_ros_utils/src/ellipsoid_array_visual.cpp:1:10:[m[K [01;31m[Kfatal error: [m[Kdecomp_rviz_plugins/ellipsoid_array_visual.hpp: No such file or directory
[0.230s]     1 | #include [01;31m[K"decomp_rviz_plugins/ellipsoid_array_visual.hpp"[m[K
[0.230s]       |          [01;31m[K^~~~~~~~~~~~~~~~~~~~~~~~~~~~~~~~~~~~~~~~~~~~~~~~[m[K
[0.230s] [01m[K/mpc/new/Elastic-Tracker/src/planning/DecompROS/decomp_ros_utils/src/vector_visual.cpp:1:10:[m[K [01;31m[Kfatal error: [m[Kdecomp_rviz_plugins/vector_visual.hpp: No such file or directory
[0.230s]     1 | #include [01;31m[K"decomp_rviz_plugins/vector_visual.hpp"[m[K
[0.230s]       |          [01;31m[K^~~~~~~~~~~~~~~~~~~~~~~~~~~~~~~~~~~~~~~[m[K
[0.230s] [01m[K/mpc/new/Elastic-Tracker/src/planning/DecompROS/decomp_ros_utils/src/polyhedron_array_display.cpp:1:10:[m[K [01;31m[Kfatal error: [m[Kdecomp_rviz_plugins/polyhedron_array_display.hpp: No such file or directory
[0.230s]     1 | #include [01;31m[K"decomp_rviz_plugins/polyhedron_array_display.hpp"[m[K
[0.230s]       |          [01;31m[K^~~~~~~~~~~~~~~~~~~~~~~~~~~~~~~~~~~~~~~~~~~~~~~~~~[m[K
[0.230s] [01m[K/mpc/new/Elastic-Tracker/src/planning/DecompROS/decomp_ros_utils/src/mesh_visual.cpp:1:10:[m[K [01;31m[Kfatal error: [m[Kdecomp_rviz_plugins/mesh_visual.hpp: No such file or directory
[0.230s]     1 | #include [01;31m[K"decomp_rviz_plugins/mesh_visual.hpp"[m[K
[0.230s]       |          [01;31m[K^~~~~~~~~~~~~~~~~~~~~~~~~~~~~~~~~~~~~[m[K
[0.230s] compilation terminated.
[0.230s] compilation terminated.
[0.230s] compilation terminated.
[0.230s] compilation terminated.
[0.234s] gmake[2]: *** [CMakeFiles/decomp_rviz_plugins.dir/build.make:90: CMakeFiles/decomp_rviz_plugins.dir/src/mesh_visual.cpp.o] Error 1
[0.234s] gmake[2]: *** Waiting for unfinished jobs....
[0.234s] gmake[2]: *** [CMakeFiles/decomp_rviz_plugins.dir/build.make:104: CMakeFiles/decomp_rviz_plugins.dir/src/vector_visual.cpp.o] Error 1
[0.235s] gmake[2]: *** [CMakeFiles/decomp_rviz_plugins.dir/build.make:118: CMakeFiles/decomp_rviz_plugins.dir/src/ellipsoid_array_visual.cpp.o] Error 1
[0.235s] gmake[2]: *** [CMakeFiles/decomp_rviz_plugins.dir/build.make:146: CMakeFiles/decomp_rviz_plugins.dir/src/polyhedron_array_display.cpp.o] Error 1
[0.488s] In file included from [01m[K/mpc/new/Elastic-Tracker/src/planning/DecompROS/decomp_ros_utils/src/bound_visual.cpp:1[m[K:
[0.488s] [01m[K/mpc/new/Elastic-Tracker/src/planning/DecompROS/decomp_ros_utils/src/bound_visual.hpp:7:10:[m[K [01;31m[Kfatal error: [m[Krviz_rendering/ogre_helpers/billboard_line.hpp: No such file or directory
[0.488s]     7 | #include [01;31m[K<rviz_rendering/ogre_helpers/billboard_line.hpp>[m[K
[0.488s]       |          [01;31m[K^~~~~~~~~~~~~~~~~~~~~~~~~~~~~~~~~~~~~~~~~~~~~~~~[m[K
[0.488s] compilation terminated.
[0.490s] gmake[2]: *** [CMakeFiles/decomp_rviz_plugins.dir/build.make:76: CMakeFiles/decomp_rviz_plugins.dir/src/bound_visual.cpp.o] Error 1
[0.762s] In file included from [01m[K/mpc/new/Elastic-Tracker/src/planning/DecompROS/decomp_ros_utils/src/ellipsoid_array_display.cpp:2[m[K:
[0.762s] [01m[K/mpc/new/Elastic-Tracker/src/planning/DecompROS/decomp_ros_utils/src/ellipsoid_array_visual.hpp:10:10:[m[K [01;31m[Kfatal error: [m[Krviz_rendering/ogre_helpers/shape.hpp: No such file or directory
[0.762s]    10 | #include [01;31m[K<rviz_rendering/ogre_helpers/shape.hpp>[m[K
[0.762s]       |          [01;31m[K^~~~~~~~~~~~~~~~~~~~~~~~~~~~~~~~~~~~~~~[m[K
[0.762s] compilation terminated.
[0.764s] gmake[2]: *** [CMakeFiles/decomp_rviz_plugins.dir/build.make:132: CMakeFiles/decomp_rviz_plugins.dir/src/ellipsoid_array_display.cpp.o] Error 1
[0.764s] gmake[1]: *** [CMakeFiles/Makefile2:137: CMakeFiles/decomp_rviz_plugins.dir/all] Error 2
[0.765s] gmake: *** [Makefile:146: all] Error 2
[0.766s] Invoked command in '/mpc/new/Elastic-Tracker/build/decomp_ros_utils' returned '2': AMENT_PREFIX_PATH=/mpc/new/Elastic-Tracker/install/decomp_ros_msgs:${AMENT_PREFIX_PATH} CMAKE_PREFIX_PATH=/mpc/new/Elastic-Tracker/install/decomp_ros_msgs:/opt/ros/humble LD_LIBRARY_PATH=/mpc/new/Elastic-Tracker/install/decomp_ros_msgs/lib:${LD_LIBRARY_PATH} PYTHONPATH=/mpc/new/Elastic-Tracker/install/decomp_ros_msgs/local/lib/python3.10/dist-packages:${PYTHONPATH} /usr/bin/cmake --build /mpc/new/Elastic-Tracker/build/decomp_ros_utils -- -j12 -l12
